ARM GAS  C:\Users\df16\AppData\Local\Temp\cc5SXeFc.s 			page 1


   1              		.syntax unified
   2              		.cpu cortex-m3
   3              		.fpu softvfp
   4              		.eabi_attribute 20, 1
   5              		.eabi_attribute 21, 1
   6              		.eabi_attribute 23, 3
   7              		.eabi_attribute 24, 1
   8              		.eabi_attribute 25, 1
   9              		.eabi_attribute 26, 1
  10              		.eabi_attribute 30, 1
  11              		.eabi_attribute 34, 1
  12              		.eabi_attribute 18, 4
  13              		.thumb
  14              		.syntax unified
  15              		.file	"getSensoren_Task.c"
  16              		.text
  17              	.Ltext0:
  18              		.cfi_sections	.debug_frame
  19              		.section	.text.getSensoren_setup,"ax",%progbits
  20              		.align	2
  21              		.global	getSensoren_setup
  22              		.thumb
  23              		.thumb_func
  24              		.type	getSensoren_setup, %function
  25              	getSensoren_setup:
  26              	.LFB67:
  27              		.file 1 "Generated_Source\\PSoC5\\getSensoren_Task.c"
   1:Generated_Source\PSoC5/getSensoren_Task.c **** #include "project.h"
   2:Generated_Source\PSoC5/getSensoren_Task.c **** 
   3:Generated_Source\PSoC5/getSensoren_Task.c **** 
   4:Generated_Source\PSoC5/getSensoren_Task.c **** void getSensoren_setup(void *arg)
   5:Generated_Source\PSoC5/getSensoren_Task.c **** {
  28              		.loc 1 5 0
  29              		.cfi_startproc
  30              		@ args = 0, pretend = 0, frame = 0
  31              		@ frame_needed = 0, uses_anonymous_args = 0
  32              	.LVL0:
  33 0000 00B5     		push	{lr}
  34              		.cfi_def_cfa_offset 4
  35              		.cfi_offset 14, -4
  36 0002 83B0     		sub	sp, sp, #12
  37              		.cfi_def_cfa_offset 16
   6:Generated_Source\PSoC5/getSensoren_Task.c **** 
   7:Generated_Source\PSoC5/getSensoren_Task.c ****     xTaskCreate(
  38              		.loc 1 7 0
  39 0004 0023     		movs	r3, #0
  40 0006 0193     		str	r3, [sp, #4]
  41 0008 0123     		movs	r3, #1
  42 000a 0093     		str	r3, [sp]
  43 000c 0346     		mov	r3, r0
  44 000e 6422     		movs	r2, #100
  45 0010 0349     		ldr	r1, .L3
  46 0012 0448     		ldr	r0, .L3+4
  47              	.LVL1:
  48 0014 FFF7FEFF 		bl	xTaskCreate
  49              	.LVL2:
   8:Generated_Source\PSoC5/getSensoren_Task.c ****         getSensoren_function,       /* Task function */
ARM GAS  C:\Users\df16\AppData\Local\Temp\cc5SXeFc.s 			page 2


   9:Generated_Source\PSoC5/getSensoren_Task.c ****         "verkrijg sensor status",    /* Task name (string) */
  10:Generated_Source\PSoC5/getSensoren_Task.c ****         100,            /* Task stack, allocated from heap */
  11:Generated_Source\PSoC5/getSensoren_Task.c ****         arg,              /* No param passed to task function */
  12:Generated_Source\PSoC5/getSensoren_Task.c ****         1,              /* Low priority */
  13:Generated_Source\PSoC5/getSensoren_Task.c ****         0 );            /* Not using the task handle */
  14:Generated_Source\PSoC5/getSensoren_Task.c ****    
  15:Generated_Source\PSoC5/getSensoren_Task.c **** 
  16:Generated_Source\PSoC5/getSensoren_Task.c **** }
  50              		.loc 1 16 0
  51 0018 03B0     		add	sp, sp, #12
  52              		.cfi_def_cfa_offset 4
  53              		@ sp needed
  54 001a 5DF804FB 		ldr	pc, [sp], #4
  55              	.L4:
  56 001e 00BF     		.align	2
  57              	.L3:
  58 0020 00000000 		.word	.LC0
  59 0024 00000000 		.word	getSensoren_function
  60              		.cfi_endproc
  61              	.LFE67:
  62              		.size	getSensoren_setup, .-getSensoren_setup
  63              		.section	.rodata.str1.4,"aMS",%progbits,1
  64              		.align	2
  65              	.LC0:
  66 0000 7665726B 		.ascii	"verkrijg sensor status\000"
  66      72696A67 
  66      2073656E 
  66      736F7220 
  66      73746174 
  67              		.text
  68              	.Letext0:
  69              		.file 2 "c:\\program files (x86)\\cypress\\psoc creator\\4.4\\psoc creator\\import\\gnu\\arm\\5.4.
  70              		.file 3 "c:\\program files (x86)\\cypress\\psoc creator\\4.4\\psoc creator\\import\\gnu\\arm\\5.4.
  71              		.file 4 "Generated_Source\\PSoC5/core_cm3.h"
  72              		.file 5 "..\\..\\UCLL_Koen_lib.cylib\\myFreeRTOS\\Source\\include/task.h"
  73              		.section	.debug_info,"",%progbits
  74              	.Ldebug_info0:
  75 0000 11010000 		.4byte	0x111
  76 0004 0400     		.2byte	0x4
  77 0006 00000000 		.4byte	.Ldebug_abbrev0
  78 000a 04       		.byte	0x4
  79 000b 01       		.uleb128 0x1
  80 000c 58000000 		.4byte	.LASF16
  81 0010 0C       		.byte	0xc
  82 0011 2E000000 		.4byte	.LASF17
  83 0015 9B010000 		.4byte	.LASF18
  84 0019 00000000 		.4byte	.Ldebug_ranges0+0
  85 001d 00000000 		.4byte	0
  86 0021 00000000 		.4byte	.Ldebug_line0
  87 0025 02       		.uleb128 0x2
  88 0026 01       		.byte	0x1
  89 0027 06       		.byte	0x6
  90 0028 61010000 		.4byte	.LASF0
  91 002c 02       		.uleb128 0x2
  92 002d 01       		.byte	0x1
  93 002e 08       		.byte	0x8
  94 002f 1B010000 		.4byte	.LASF1
ARM GAS  C:\Users\df16\AppData\Local\Temp\cc5SXeFc.s 			page 3


  95 0033 02       		.uleb128 0x2
  96 0034 02       		.byte	0x2
  97 0035 05       		.byte	0x5
  98 0036 89010000 		.4byte	.LASF2
  99 003a 02       		.uleb128 0x2
 100 003b 02       		.byte	0x2
 101 003c 07       		.byte	0x7
 102 003d 0E000000 		.4byte	.LASF3
 103 0041 03       		.uleb128 0x3
 104 0042 79010000 		.4byte	.LASF9
 105 0046 02       		.byte	0x2
 106 0047 3F       		.byte	0x3f
 107 0048 4C000000 		.4byte	0x4c
 108 004c 02       		.uleb128 0x2
 109 004d 04       		.byte	0x4
 110 004e 05       		.byte	0x5
 111 004f 3B010000 		.4byte	.LASF4
 112 0053 02       		.uleb128 0x2
 113 0054 04       		.byte	0x4
 114 0055 07       		.byte	0x7
 115 0056 E6000000 		.4byte	.LASF5
 116 005a 02       		.uleb128 0x2
 117 005b 08       		.byte	0x8
 118 005c 05       		.byte	0x5
 119 005d 00000000 		.4byte	.LASF6
 120 0061 02       		.uleb128 0x2
 121 0062 08       		.byte	0x8
 122 0063 07       		.byte	0x7
 123 0064 F8000000 		.4byte	.LASF7
 124 0068 04       		.uleb128 0x4
 125 0069 04       		.byte	0x4
 126 006a 05       		.byte	0x5
 127 006b 696E7400 		.ascii	"int\000"
 128 006f 02       		.uleb128 0x2
 129 0070 04       		.byte	0x4
 130 0071 07       		.byte	0x7
 131 0072 21000000 		.4byte	.LASF8
 132 0076 03       		.uleb128 0x3
 133 0077 93010000 		.4byte	.LASF10
 134 007b 03       		.byte	0x3
 135 007c 2C       		.byte	0x2c
 136 007d 41000000 		.4byte	0x41
 137 0081 02       		.uleb128 0x2
 138 0082 04       		.byte	0x4
 139 0083 04       		.byte	0x4
 140 0084 83010000 		.4byte	.LASF11
 141 0088 02       		.uleb128 0x2
 142 0089 08       		.byte	0x8
 143 008a 04       		.byte	0x4
 144 008b 44010000 		.4byte	.LASF12
 145 008f 02       		.uleb128 0x2
 146 0090 01       		.byte	0x1
 147 0091 08       		.byte	0x8
 148 0092 CF010000 		.4byte	.LASF13
 149 0096 02       		.uleb128 0x2
 150 0097 08       		.byte	0x8
 151 0098 04       		.byte	0x4
ARM GAS  C:\Users\df16\AppData\Local\Temp\cc5SXeFc.s 			page 4


 152 0099 6D010000 		.4byte	.LASF14
 153 009d 02       		.uleb128 0x2
 154 009e 04       		.byte	0x4
 155 009f 07       		.byte	0x7
 156 00a0 4B010000 		.4byte	.LASF15
 157 00a4 05       		.uleb128 0x5
 158 00a5 04       		.byte	0x4
 159 00a6 06       		.uleb128 0x6
 160 00a7 29010000 		.4byte	.LASF19
 161 00ab 01       		.byte	0x1
 162 00ac 04       		.byte	0x4
 163 00ad 00000000 		.4byte	.LFB67
 164 00b1 28000000 		.4byte	.LFE67-.LFB67
 165 00b5 01       		.uleb128 0x1
 166 00b6 9C       		.byte	0x9c
 167 00b7 F7000000 		.4byte	0xf7
 168 00bb 07       		.uleb128 0x7
 169 00bc 61726700 		.ascii	"arg\000"
 170 00c0 01       		.byte	0x1
 171 00c1 04       		.byte	0x4
 172 00c2 A4000000 		.4byte	0xa4
 173 00c6 00000000 		.4byte	.LLST0
 174 00ca 08       		.uleb128 0x8
 175 00cb 18000000 		.4byte	.LVL2
 176 00cf 08010000 		.4byte	0x108
 177 00d3 09       		.uleb128 0x9
 178 00d4 01       		.uleb128 0x1
 179 00d5 51       		.byte	0x51
 180 00d6 05       		.uleb128 0x5
 181 00d7 03       		.byte	0x3
 182 00d8 00000000 		.4byte	.LC0
 183 00dc 09       		.uleb128 0x9
 184 00dd 01       		.uleb128 0x1
 185 00de 52       		.byte	0x52
 186 00df 02       		.uleb128 0x2
 187 00e0 08       		.byte	0x8
 188 00e1 64       		.byte	0x64
 189 00e2 09       		.uleb128 0x9
 190 00e3 01       		.uleb128 0x1
 191 00e4 53       		.byte	0x53
 192 00e5 03       		.uleb128 0x3
 193 00e6 F3       		.byte	0xf3
 194 00e7 01       		.uleb128 0x1
 195 00e8 50       		.byte	0x50
 196 00e9 09       		.uleb128 0x9
 197 00ea 02       		.uleb128 0x2
 198 00eb 7D       		.byte	0x7d
 199 00ec 00       		.sleb128 0
 200 00ed 01       		.uleb128 0x1
 201 00ee 31       		.byte	0x31
 202 00ef 09       		.uleb128 0x9
 203 00f0 02       		.uleb128 0x2
 204 00f1 7D       		.byte	0x7d
 205 00f2 04       		.sleb128 4
 206 00f3 01       		.uleb128 0x1
 207 00f4 30       		.byte	0x30
 208 00f5 00       		.byte	0
ARM GAS  C:\Users\df16\AppData\Local\Temp\cc5SXeFc.s 			page 5


 209 00f6 00       		.byte	0
 210 00f7 0A       		.uleb128 0xa
 211 00f8 54010000 		.4byte	.LASF20
 212 00fc 04       		.byte	0x4
 213 00fd 1207     		.2byte	0x712
 214 00ff 03010000 		.4byte	0x103
 215 0103 0B       		.uleb128 0xb
 216 0104 76000000 		.4byte	0x76
 217 0108 0C       		.uleb128 0xc
 218 0109 0F010000 		.4byte	.LASF21
 219 010d 0F010000 		.4byte	.LASF21
 220 0111 05       		.byte	0x5
 221 0112 5401     		.2byte	0x154
 222 0114 00       		.byte	0
 223              		.section	.debug_abbrev,"",%progbits
 224              	.Ldebug_abbrev0:
 225 0000 01       		.uleb128 0x1
 226 0001 11       		.uleb128 0x11
 227 0002 01       		.byte	0x1
 228 0003 25       		.uleb128 0x25
 229 0004 0E       		.uleb128 0xe
 230 0005 13       		.uleb128 0x13
 231 0006 0B       		.uleb128 0xb
 232 0007 03       		.uleb128 0x3
 233 0008 0E       		.uleb128 0xe
 234 0009 1B       		.uleb128 0x1b
 235 000a 0E       		.uleb128 0xe
 236 000b 55       		.uleb128 0x55
 237 000c 17       		.uleb128 0x17
 238 000d 11       		.uleb128 0x11
 239 000e 01       		.uleb128 0x1
 240 000f 10       		.uleb128 0x10
 241 0010 17       		.uleb128 0x17
 242 0011 00       		.byte	0
 243 0012 00       		.byte	0
 244 0013 02       		.uleb128 0x2
 245 0014 24       		.uleb128 0x24
 246 0015 00       		.byte	0
 247 0016 0B       		.uleb128 0xb
 248 0017 0B       		.uleb128 0xb
 249 0018 3E       		.uleb128 0x3e
 250 0019 0B       		.uleb128 0xb
 251 001a 03       		.uleb128 0x3
 252 001b 0E       		.uleb128 0xe
 253 001c 00       		.byte	0
 254 001d 00       		.byte	0
 255 001e 03       		.uleb128 0x3
 256 001f 16       		.uleb128 0x16
 257 0020 00       		.byte	0
 258 0021 03       		.uleb128 0x3
 259 0022 0E       		.uleb128 0xe
 260 0023 3A       		.uleb128 0x3a
 261 0024 0B       		.uleb128 0xb
 262 0025 3B       		.uleb128 0x3b
 263 0026 0B       		.uleb128 0xb
 264 0027 49       		.uleb128 0x49
 265 0028 13       		.uleb128 0x13
ARM GAS  C:\Users\df16\AppData\Local\Temp\cc5SXeFc.s 			page 6


 266 0029 00       		.byte	0
 267 002a 00       		.byte	0
 268 002b 04       		.uleb128 0x4
 269 002c 24       		.uleb128 0x24
 270 002d 00       		.byte	0
 271 002e 0B       		.uleb128 0xb
 272 002f 0B       		.uleb128 0xb
 273 0030 3E       		.uleb128 0x3e
 274 0031 0B       		.uleb128 0xb
 275 0032 03       		.uleb128 0x3
 276 0033 08       		.uleb128 0x8
 277 0034 00       		.byte	0
 278 0035 00       		.byte	0
 279 0036 05       		.uleb128 0x5
 280 0037 0F       		.uleb128 0xf
 281 0038 00       		.byte	0
 282 0039 0B       		.uleb128 0xb
 283 003a 0B       		.uleb128 0xb
 284 003b 00       		.byte	0
 285 003c 00       		.byte	0
 286 003d 06       		.uleb128 0x6
 287 003e 2E       		.uleb128 0x2e
 288 003f 01       		.byte	0x1
 289 0040 3F       		.uleb128 0x3f
 290 0041 19       		.uleb128 0x19
 291 0042 03       		.uleb128 0x3
 292 0043 0E       		.uleb128 0xe
 293 0044 3A       		.uleb128 0x3a
 294 0045 0B       		.uleb128 0xb
 295 0046 3B       		.uleb128 0x3b
 296 0047 0B       		.uleb128 0xb
 297 0048 27       		.uleb128 0x27
 298 0049 19       		.uleb128 0x19
 299 004a 11       		.uleb128 0x11
 300 004b 01       		.uleb128 0x1
 301 004c 12       		.uleb128 0x12
 302 004d 06       		.uleb128 0x6
 303 004e 40       		.uleb128 0x40
 304 004f 18       		.uleb128 0x18
 305 0050 9742     		.uleb128 0x2117
 306 0052 19       		.uleb128 0x19
 307 0053 01       		.uleb128 0x1
 308 0054 13       		.uleb128 0x13
 309 0055 00       		.byte	0
 310 0056 00       		.byte	0
 311 0057 07       		.uleb128 0x7
 312 0058 05       		.uleb128 0x5
 313 0059 00       		.byte	0
 314 005a 03       		.uleb128 0x3
 315 005b 08       		.uleb128 0x8
 316 005c 3A       		.uleb128 0x3a
 317 005d 0B       		.uleb128 0xb
 318 005e 3B       		.uleb128 0x3b
 319 005f 0B       		.uleb128 0xb
 320 0060 49       		.uleb128 0x49
 321 0061 13       		.uleb128 0x13
 322 0062 02       		.uleb128 0x2
ARM GAS  C:\Users\df16\AppData\Local\Temp\cc5SXeFc.s 			page 7


 323 0063 17       		.uleb128 0x17
 324 0064 00       		.byte	0
 325 0065 00       		.byte	0
 326 0066 08       		.uleb128 0x8
 327 0067 898201   		.uleb128 0x4109
 328 006a 01       		.byte	0x1
 329 006b 11       		.uleb128 0x11
 330 006c 01       		.uleb128 0x1
 331 006d 31       		.uleb128 0x31
 332 006e 13       		.uleb128 0x13
 333 006f 00       		.byte	0
 334 0070 00       		.byte	0
 335 0071 09       		.uleb128 0x9
 336 0072 8A8201   		.uleb128 0x410a
 337 0075 00       		.byte	0
 338 0076 02       		.uleb128 0x2
 339 0077 18       		.uleb128 0x18
 340 0078 9142     		.uleb128 0x2111
 341 007a 18       		.uleb128 0x18
 342 007b 00       		.byte	0
 343 007c 00       		.byte	0
 344 007d 0A       		.uleb128 0xa
 345 007e 34       		.uleb128 0x34
 346 007f 00       		.byte	0
 347 0080 03       		.uleb128 0x3
 348 0081 0E       		.uleb128 0xe
 349 0082 3A       		.uleb128 0x3a
 350 0083 0B       		.uleb128 0xb
 351 0084 3B       		.uleb128 0x3b
 352 0085 05       		.uleb128 0x5
 353 0086 49       		.uleb128 0x49
 354 0087 13       		.uleb128 0x13
 355 0088 3F       		.uleb128 0x3f
 356 0089 19       		.uleb128 0x19
 357 008a 3C       		.uleb128 0x3c
 358 008b 19       		.uleb128 0x19
 359 008c 00       		.byte	0
 360 008d 00       		.byte	0
 361 008e 0B       		.uleb128 0xb
 362 008f 35       		.uleb128 0x35
 363 0090 00       		.byte	0
 364 0091 49       		.uleb128 0x49
 365 0092 13       		.uleb128 0x13
 366 0093 00       		.byte	0
 367 0094 00       		.byte	0
 368 0095 0C       		.uleb128 0xc
 369 0096 2E       		.uleb128 0x2e
 370 0097 00       		.byte	0
 371 0098 3F       		.uleb128 0x3f
 372 0099 19       		.uleb128 0x19
 373 009a 3C       		.uleb128 0x3c
 374 009b 19       		.uleb128 0x19
 375 009c 6E       		.uleb128 0x6e
 376 009d 0E       		.uleb128 0xe
 377 009e 03       		.uleb128 0x3
 378 009f 0E       		.uleb128 0xe
 379 00a0 3A       		.uleb128 0x3a
ARM GAS  C:\Users\df16\AppData\Local\Temp\cc5SXeFc.s 			page 8


 380 00a1 0B       		.uleb128 0xb
 381 00a2 3B       		.uleb128 0x3b
 382 00a3 05       		.uleb128 0x5
 383 00a4 00       		.byte	0
 384 00a5 00       		.byte	0
 385 00a6 00       		.byte	0
 386              		.section	.debug_loc,"",%progbits
 387              	.Ldebug_loc0:
 388              	.LLST0:
 389 0000 00000000 		.4byte	.LVL0
 390 0004 14000000 		.4byte	.LVL1
 391 0008 0100     		.2byte	0x1
 392 000a 50       		.byte	0x50
 393 000b 14000000 		.4byte	.LVL1
 394 000f 17000000 		.4byte	.LVL2-1
 395 0013 0100     		.2byte	0x1
 396 0015 53       		.byte	0x53
 397 0016 17000000 		.4byte	.LVL2-1
 398 001a 28000000 		.4byte	.LFE67
 399 001e 0400     		.2byte	0x4
 400 0020 F3       		.byte	0xf3
 401 0021 01       		.uleb128 0x1
 402 0022 50       		.byte	0x50
 403 0023 9F       		.byte	0x9f
 404 0024 00000000 		.4byte	0
 405 0028 00000000 		.4byte	0
 406              		.section	.debug_aranges,"",%progbits
 407 0000 1C000000 		.4byte	0x1c
 408 0004 0200     		.2byte	0x2
 409 0006 00000000 		.4byte	.Ldebug_info0
 410 000a 04       		.byte	0x4
 411 000b 00       		.byte	0
 412 000c 0000     		.2byte	0
 413 000e 0000     		.2byte	0
 414 0010 00000000 		.4byte	.LFB67
 415 0014 28000000 		.4byte	.LFE67-.LFB67
 416 0018 00000000 		.4byte	0
 417 001c 00000000 		.4byte	0
 418              		.section	.debug_ranges,"",%progbits
 419              	.Ldebug_ranges0:
 420 0000 00000000 		.4byte	.LFB67
 421 0004 28000000 		.4byte	.LFE67
 422 0008 00000000 		.4byte	0
 423 000c 00000000 		.4byte	0
 424              		.section	.debug_line,"",%progbits
 425              	.Ldebug_line0:
 426 0000 A0010000 		.section	.debug_str,"MS",%progbits,1
 426      02008901 
 426      00000201 
 426      FB0E0D00 
 426      01010101 
 427              	.LASF6:
 428 0000 6C6F6E67 		.ascii	"long long int\000"
 428      206C6F6E 
 428      6720696E 
 428      7400
 429              	.LASF3:
ARM GAS  C:\Users\df16\AppData\Local\Temp\cc5SXeFc.s 			page 9


 430 000e 73686F72 		.ascii	"short unsigned int\000"
 430      7420756E 
 430      7369676E 
 430      65642069 
 430      6E7400
 431              	.LASF8:
 432 0021 756E7369 		.ascii	"unsigned int\000"
 432      676E6564 
 432      20696E74 
 432      00
 433              	.LASF17:
 434 002e 47656E65 		.ascii	"Generated_Source\\PSoC5\\getSensoren_Task.c\000"
 434      72617465 
 434      645F536F 
 434      75726365 
 434      5C50536F 
 435              	.LASF16:
 436 0058 474E5520 		.ascii	"GNU C11 5.4.1 20160609 (release) [ARM/embedded-5-br"
 436      43313120 
 436      352E342E 
 436      31203230 
 436      31363036 
 437 008b 616E6368 		.ascii	"anch revision 237715] -mcpu=cortex-m3 -mthumb -g -O"
 437      20726576 
 437      6973696F 
 437      6E203233 
 437      37373135 
 438 00be 67202D66 		.ascii	"g -ffunction-sections -ffat-lto-objects\000"
 438      66756E63 
 438      74696F6E 
 438      2D736563 
 438      74696F6E 
 439              	.LASF5:
 440 00e6 6C6F6E67 		.ascii	"long unsigned int\000"
 440      20756E73 
 440      69676E65 
 440      6420696E 
 440      7400
 441              	.LASF7:
 442 00f8 6C6F6E67 		.ascii	"long long unsigned int\000"
 442      206C6F6E 
 442      6720756E 
 442      7369676E 
 442      65642069 
 443              	.LASF21:
 444 010f 78546173 		.ascii	"xTaskCreate\000"
 444      6B437265 
 444      61746500 
 445              	.LASF1:
 446 011b 756E7369 		.ascii	"unsigned char\000"
 446      676E6564 
 446      20636861 
 446      7200
 447              	.LASF19:
 448 0129 67657453 		.ascii	"getSensoren_setup\000"
 448      656E736F 
 448      72656E5F 
ARM GAS  C:\Users\df16\AppData\Local\Temp\cc5SXeFc.s 			page 10


 448      73657475 
 448      7000
 449              	.LASF4:
 450 013b 6C6F6E67 		.ascii	"long int\000"
 450      20696E74 
 450      00
 451              	.LASF12:
 452 0144 646F7562 		.ascii	"double\000"
 452      6C6500
 453              	.LASF15:
 454 014b 73697A65 		.ascii	"sizetype\000"
 454      74797065 
 454      00
 455              	.LASF20:
 456 0154 49544D5F 		.ascii	"ITM_RxBuffer\000"
 456      52784275 
 456      66666572 
 456      00
 457              	.LASF0:
 458 0161 7369676E 		.ascii	"signed char\000"
 458      65642063 
 458      68617200 
 459              	.LASF14:
 460 016d 6C6F6E67 		.ascii	"long double\000"
 460      20646F75 
 460      626C6500 
 461              	.LASF9:
 462 0179 5F5F696E 		.ascii	"__int32_t\000"
 462      7433325F 
 462      7400
 463              	.LASF11:
 464 0183 666C6F61 		.ascii	"float\000"
 464      7400
 465              	.LASF2:
 466 0189 73686F72 		.ascii	"short int\000"
 466      7420696E 
 466      7400
 467              	.LASF10:
 468 0193 696E7433 		.ascii	"int32_t\000"
 468      325F7400 
 469              	.LASF18:
 470 019b 473A5C70 		.ascii	"G:\\project\\PsocWagen\\PSoC\\PSoCWagen\\PsocWagen."
 470      726F6A65 
 470      63745C50 
 470      736F6357 
 470      6167656E 
 471 01c9 63796473 		.ascii	"cydsn\000"
 471      6E00
 472              	.LASF13:
 473 01cf 63686172 		.ascii	"char\000"
 473      00
 474              		.ident	"GCC: (GNU Tools for ARM Embedded Processors) 5.4.1 20160609 (release) [ARM/embedded-5-bran
