ARM GAS  C:\Users\df16\AppData\Local\Temp\ccgOTCF1.s 			page 1


   1              		.syntax unified
   2              		.cpu cortex-m3
   3              		.fpu softvfp
   4              		.eabi_attribute 20, 1
   5              		.eabi_attribute 21, 1
   6              		.eabi_attribute 23, 3
   7              		.eabi_attribute 24, 1
   8              		.eabi_attribute 25, 1
   9              		.eabi_attribute 26, 1
  10              		.eabi_attribute 30, 1
  11              		.eabi_attribute 34, 1
  12              		.eabi_attribute 18, 4
  13              		.thumb
  14              		.syntax unified
  15              		.file	"main.c"
  16              		.text
  17              	.Ltext0:
  18              		.cfi_sections	.debug_frame
  19              		.section	.text.main,"ax",%progbits
  20              		.align	2
  21              		.global	main
  22              		.thumb
  23              		.thumb_func
  24              		.type	main, %function
  25              	main:
  26              	.LFB67:
  27              		.file 1 "main.c"
   1:main.c        **** /* ========================================
   2:main.c        ****  *
   3:main.c        ****  * Copyright YOUR COMPANY, THE YEAR
   4:main.c        ****  * All Rights Reserved
   5:main.c        ****  * UNPUBLISHED, LICENSED SOFTWARE.
   6:main.c        ****  *
   7:main.c        ****  * CONFIDENTIAL AND PROPRIETARY INFORMATION
   8:main.c        ****  * WHICH IS THE PROPERTY OF your company.
   9:main.c        ****  *
  10:main.c        ****  * ========================================
  11:main.c        **** */
  12:main.c        **** #include "project.h"
  13:main.c        **** #include <MijnTaken.h>
  14:main.c        **** 
  15:main.c        **** 
  16:main.c        **** int main(void)
  17:main.c        **** {
  28              		.loc 1 17 0
  29              		.cfi_startproc
  30              		@ args = 0, pretend = 0, frame = 0
  31              		@ frame_needed = 0, uses_anonymous_args = 0
  32 0000 08B5     		push	{r3, lr}
  33              		.cfi_def_cfa_offset 8
  34              		.cfi_offset 3, -8
  35              		.cfi_offset 14, -4
  18:main.c        ****     CyGlobalIntEnable;
  36              		.loc 1 18 0
  37              		.syntax unified
  38              	@ 18 "main.c" 1
  39 0002 62B6     		CPSIE   i
ARM GAS  C:\Users\df16\AppData\Local\Temp\ccgOTCF1.s 			page 2


  40              	@ 0 "" 2
  19:main.c        ****     opstart();
  41              		.loc 1 19 0
  42              		.thumb
  43              		.syntax unified
  44 0004 FFF7FEFF 		bl	opstart
  45              	.LVL0:
  20:main.c        ****     
  21:main.c        ****     void rcxTaakSetup();
  22:main.c        ****     void trxTaakSetup();
  23:main.c        ****     void motorTaakSetup();
  24:main.c        ****     void sensorTaakSetup();
  25:main.c        ****     
  26:main.c        ****     vTaskStartScheduler();
  46              		.loc 1 26 0
  47 0008 FFF7FEFF 		bl	vTaskStartScheduler
  48              	.LVL1:
  27:main.c        **** }
  49              		.loc 1 27 0
  50 000c 0020     		movs	r0, #0
  51 000e 08BD     		pop	{r3, pc}
  52              		.cfi_endproc
  53              	.LFE67:
  54              		.size	main, .-main
  55              		.text
  56              	.Letext0:
  57              		.file 2 "c:\\program files (x86)\\cypress\\psoc creator\\4.4\\psoc creator\\import\\gnu\\arm\\5.4.
  58              		.file 3 "c:\\program files (x86)\\cypress\\psoc creator\\4.4\\psoc creator\\import\\gnu\\arm\\5.4.
  59              		.file 4 "./MijnTaken.h"
  60              		.file 5 "..\\..\\UCLL_Koen_lib.cylib\\myFreeRTOS\\Source\\include/task.h"
  61              		.file 6 "Generated_Source\\PSoC5/core_cm3.h"
  62              		.section	.debug_info,"",%progbits
  63              	.Ldebug_info0:
  64 0000 3B010000 		.4byte	0x13b
  65 0004 0400     		.2byte	0x4
  66 0006 00000000 		.4byte	.Ldebug_abbrev0
  67 000a 04       		.byte	0x4
  68 000b 01       		.uleb128 0x1
  69 000c 59000000 		.4byte	.LASF22
  70 0010 0C       		.byte	0xc
  71 0011 38000000 		.4byte	.LASF23
  72 0015 B0010000 		.4byte	.LASF24
  73 0019 00000000 		.4byte	.Ldebug_ranges0+0
  74 001d 00000000 		.4byte	0
  75 0021 00000000 		.4byte	.Ldebug_line0
  76 0025 02       		.uleb128 0x2
  77 0026 01       		.byte	0x1
  78 0027 06       		.byte	0x6
  79 0028 6F010000 		.4byte	.LASF0
  80 002c 02       		.uleb128 0x2
  81 002d 01       		.byte	0x1
  82 002e 08       		.byte	0x8
  83 002f 29010000 		.4byte	.LASF1
  84 0033 02       		.uleb128 0x2
  85 0034 02       		.byte	0x2
  86 0035 05       		.byte	0x5
  87 0036 9E010000 		.4byte	.LASF2
ARM GAS  C:\Users\df16\AppData\Local\Temp\ccgOTCF1.s 			page 3


  88 003a 02       		.uleb128 0x2
  89 003b 02       		.byte	0x2
  90 003c 07       		.byte	0x7
  91 003d 10010000 		.4byte	.LASF3
  92 0041 03       		.uleb128 0x3
  93 0042 87010000 		.4byte	.LASF9
  94 0046 02       		.byte	0x2
  95 0047 3F       		.byte	0x3f
  96 0048 4C000000 		.4byte	0x4c
  97 004c 02       		.uleb128 0x2
  98 004d 04       		.byte	0x4
  99 004e 05       		.byte	0x5
 100 004f 3C010000 		.4byte	.LASF4
 101 0053 02       		.uleb128 0x2
 102 0054 04       		.byte	0x4
 103 0055 07       		.byte	0x7
 104 0056 E7000000 		.4byte	.LASF5
 105 005a 02       		.uleb128 0x2
 106 005b 08       		.byte	0x8
 107 005c 05       		.byte	0x5
 108 005d 00000000 		.4byte	.LASF6
 109 0061 02       		.uleb128 0x2
 110 0062 08       		.byte	0x8
 111 0063 07       		.byte	0x7
 112 0064 F9000000 		.4byte	.LASF7
 113 0068 04       		.uleb128 0x4
 114 0069 04       		.byte	0x4
 115 006a 05       		.byte	0x5
 116 006b 696E7400 		.ascii	"int\000"
 117 006f 02       		.uleb128 0x2
 118 0070 04       		.byte	0x4
 119 0071 07       		.byte	0x7
 120 0072 2B000000 		.4byte	.LASF8
 121 0076 03       		.uleb128 0x3
 122 0077 A8010000 		.4byte	.LASF10
 123 007b 03       		.byte	0x3
 124 007c 2C       		.byte	0x2c
 125 007d 41000000 		.4byte	0x41
 126 0081 02       		.uleb128 0x2
 127 0082 04       		.byte	0x4
 128 0083 04       		.byte	0x4
 129 0084 23010000 		.4byte	.LASF11
 130 0088 02       		.uleb128 0x2
 131 0089 08       		.byte	0x8
 132 008a 04       		.byte	0x4
 133 008b 59010000 		.4byte	.LASF12
 134 008f 02       		.uleb128 0x2
 135 0090 01       		.byte	0x1
 136 0091 08       		.byte	0x8
 137 0092 37010000 		.4byte	.LASF13
 138 0096 02       		.uleb128 0x2
 139 0097 08       		.byte	0x8
 140 0098 04       		.byte	0x4
 141 0099 7B010000 		.4byte	.LASF14
 142 009d 02       		.uleb128 0x2
 143 009e 04       		.byte	0x4
 144 009f 07       		.byte	0x7
ARM GAS  C:\Users\df16\AppData\Local\Temp\ccgOTCF1.s 			page 4


 145 00a0 E4010000 		.4byte	.LASF15
 146 00a4 05       		.uleb128 0x5
 147 00a5 04       		.byte	0x4
 148 00a6 06       		.uleb128 0x6
 149 00a7 91010000 		.4byte	.LASF25
 150 00ab 01       		.byte	0x1
 151 00ac 10       		.byte	0x10
 152 00ad 68000000 		.4byte	0x68
 153 00b1 00000000 		.4byte	.LFB67
 154 00b5 10000000 		.4byte	.LFE67-.LFB67
 155 00b9 01       		.uleb128 0x1
 156 00ba 9C       		.byte	0x9c
 157 00bb 16010000 		.4byte	0x116
 158 00bf 07       		.uleb128 0x7
 159 00c0 3F000000 		.4byte	.LASF16
 160 00c4 01       		.byte	0x1
 161 00c5 15       		.byte	0x15
 162 00c6 D0000000 		.4byte	0xd0
 163 00ca 08       		.uleb128 0x8
 164 00cb A4000000 		.4byte	0xa4
 165 00cf 00       		.byte	0
 166 00d0 07       		.uleb128 0x7
 167 00d1 4C000000 		.4byte	.LASF17
 168 00d5 01       		.byte	0x1
 169 00d6 16       		.byte	0x16
 170 00d7 E1000000 		.4byte	0xe1
 171 00db 08       		.uleb128 0x8
 172 00dc A4000000 		.4byte	0xa4
 173 00e0 00       		.byte	0
 174 00e1 07       		.uleb128 0x7
 175 00e2 60010000 		.4byte	.LASF18
 176 00e6 01       		.byte	0x1
 177 00e7 17       		.byte	0x17
 178 00e8 F2000000 		.4byte	0xf2
 179 00ec 08       		.uleb128 0x8
 180 00ed A4000000 		.4byte	0xa4
 181 00f1 00       		.byte	0
 182 00f2 07       		.uleb128 0x7
 183 00f3 0E000000 		.4byte	.LASF19
 184 00f7 01       		.byte	0x1
 185 00f8 18       		.byte	0x18
 186 00f9 03010000 		.4byte	0x103
 187 00fd 08       		.uleb128 0x8
 188 00fe A4000000 		.4byte	0xa4
 189 0102 00       		.byte	0
 190 0103 09       		.uleb128 0x9
 191 0104 08000000 		.4byte	.LVL0
 192 0108 27010000 		.4byte	0x127
 193 010c 09       		.uleb128 0x9
 194 010d 0C000000 		.4byte	.LVL1
 195 0111 32010000 		.4byte	0x132
 196 0115 00       		.byte	0
 197 0116 0A       		.uleb128 0xa
 198 0117 1E000000 		.4byte	.LASF26
 199 011b 06       		.byte	0x6
 200 011c 1207     		.2byte	0x712
 201 011e 22010000 		.4byte	0x122
ARM GAS  C:\Users\df16\AppData\Local\Temp\ccgOTCF1.s 			page 5


 202 0122 0B       		.uleb128 0xb
 203 0123 76000000 		.4byte	0x76
 204 0127 0C       		.uleb128 0xc
 205 0128 96010000 		.4byte	.LASF20
 206 012c 96010000 		.4byte	.LASF20
 207 0130 04       		.byte	0x4
 208 0131 0C       		.byte	0xc
 209 0132 0D       		.uleb128 0xd
 210 0133 45010000 		.4byte	.LASF21
 211 0137 45010000 		.4byte	.LASF21
 212 013b 05       		.byte	0x5
 213 013c CC04     		.2byte	0x4cc
 214 013e 00       		.byte	0
 215              		.section	.debug_abbrev,"",%progbits
 216              	.Ldebug_abbrev0:
 217 0000 01       		.uleb128 0x1
 218 0001 11       		.uleb128 0x11
 219 0002 01       		.byte	0x1
 220 0003 25       		.uleb128 0x25
 221 0004 0E       		.uleb128 0xe
 222 0005 13       		.uleb128 0x13
 223 0006 0B       		.uleb128 0xb
 224 0007 03       		.uleb128 0x3
 225 0008 0E       		.uleb128 0xe
 226 0009 1B       		.uleb128 0x1b
 227 000a 0E       		.uleb128 0xe
 228 000b 55       		.uleb128 0x55
 229 000c 17       		.uleb128 0x17
 230 000d 11       		.uleb128 0x11
 231 000e 01       		.uleb128 0x1
 232 000f 10       		.uleb128 0x10
 233 0010 17       		.uleb128 0x17
 234 0011 00       		.byte	0
 235 0012 00       		.byte	0
 236 0013 02       		.uleb128 0x2
 237 0014 24       		.uleb128 0x24
 238 0015 00       		.byte	0
 239 0016 0B       		.uleb128 0xb
 240 0017 0B       		.uleb128 0xb
 241 0018 3E       		.uleb128 0x3e
 242 0019 0B       		.uleb128 0xb
 243 001a 03       		.uleb128 0x3
 244 001b 0E       		.uleb128 0xe
 245 001c 00       		.byte	0
 246 001d 00       		.byte	0
 247 001e 03       		.uleb128 0x3
 248 001f 16       		.uleb128 0x16
 249 0020 00       		.byte	0
 250 0021 03       		.uleb128 0x3
 251 0022 0E       		.uleb128 0xe
 252 0023 3A       		.uleb128 0x3a
 253 0024 0B       		.uleb128 0xb
 254 0025 3B       		.uleb128 0x3b
 255 0026 0B       		.uleb128 0xb
 256 0027 49       		.uleb128 0x49
 257 0028 13       		.uleb128 0x13
 258 0029 00       		.byte	0
ARM GAS  C:\Users\df16\AppData\Local\Temp\ccgOTCF1.s 			page 6


 259 002a 00       		.byte	0
 260 002b 04       		.uleb128 0x4
 261 002c 24       		.uleb128 0x24
 262 002d 00       		.byte	0
 263 002e 0B       		.uleb128 0xb
 264 002f 0B       		.uleb128 0xb
 265 0030 3E       		.uleb128 0x3e
 266 0031 0B       		.uleb128 0xb
 267 0032 03       		.uleb128 0x3
 268 0033 08       		.uleb128 0x8
 269 0034 00       		.byte	0
 270 0035 00       		.byte	0
 271 0036 05       		.uleb128 0x5
 272 0037 0F       		.uleb128 0xf
 273 0038 00       		.byte	0
 274 0039 0B       		.uleb128 0xb
 275 003a 0B       		.uleb128 0xb
 276 003b 00       		.byte	0
 277 003c 00       		.byte	0
 278 003d 06       		.uleb128 0x6
 279 003e 2E       		.uleb128 0x2e
 280 003f 01       		.byte	0x1
 281 0040 3F       		.uleb128 0x3f
 282 0041 19       		.uleb128 0x19
 283 0042 03       		.uleb128 0x3
 284 0043 0E       		.uleb128 0xe
 285 0044 3A       		.uleb128 0x3a
 286 0045 0B       		.uleb128 0xb
 287 0046 3B       		.uleb128 0x3b
 288 0047 0B       		.uleb128 0xb
 289 0048 27       		.uleb128 0x27
 290 0049 19       		.uleb128 0x19
 291 004a 49       		.uleb128 0x49
 292 004b 13       		.uleb128 0x13
 293 004c 11       		.uleb128 0x11
 294 004d 01       		.uleb128 0x1
 295 004e 12       		.uleb128 0x12
 296 004f 06       		.uleb128 0x6
 297 0050 40       		.uleb128 0x40
 298 0051 18       		.uleb128 0x18
 299 0052 9742     		.uleb128 0x2117
 300 0054 19       		.uleb128 0x19
 301 0055 01       		.uleb128 0x1
 302 0056 13       		.uleb128 0x13
 303 0057 00       		.byte	0
 304 0058 00       		.byte	0
 305 0059 07       		.uleb128 0x7
 306 005a 2E       		.uleb128 0x2e
 307 005b 01       		.byte	0x1
 308 005c 3F       		.uleb128 0x3f
 309 005d 19       		.uleb128 0x19
 310 005e 03       		.uleb128 0x3
 311 005f 0E       		.uleb128 0xe
 312 0060 3A       		.uleb128 0x3a
 313 0061 0B       		.uleb128 0xb
 314 0062 3B       		.uleb128 0x3b
 315 0063 0B       		.uleb128 0xb
ARM GAS  C:\Users\df16\AppData\Local\Temp\ccgOTCF1.s 			page 7


 316 0064 27       		.uleb128 0x27
 317 0065 19       		.uleb128 0x19
 318 0066 3C       		.uleb128 0x3c
 319 0067 19       		.uleb128 0x19
 320 0068 01       		.uleb128 0x1
 321 0069 13       		.uleb128 0x13
 322 006a 00       		.byte	0
 323 006b 00       		.byte	0
 324 006c 08       		.uleb128 0x8
 325 006d 05       		.uleb128 0x5
 326 006e 00       		.byte	0
 327 006f 49       		.uleb128 0x49
 328 0070 13       		.uleb128 0x13
 329 0071 00       		.byte	0
 330 0072 00       		.byte	0
 331 0073 09       		.uleb128 0x9
 332 0074 898201   		.uleb128 0x4109
 333 0077 00       		.byte	0
 334 0078 11       		.uleb128 0x11
 335 0079 01       		.uleb128 0x1
 336 007a 31       		.uleb128 0x31
 337 007b 13       		.uleb128 0x13
 338 007c 00       		.byte	0
 339 007d 00       		.byte	0
 340 007e 0A       		.uleb128 0xa
 341 007f 34       		.uleb128 0x34
 342 0080 00       		.byte	0
 343 0081 03       		.uleb128 0x3
 344 0082 0E       		.uleb128 0xe
 345 0083 3A       		.uleb128 0x3a
 346 0084 0B       		.uleb128 0xb
 347 0085 3B       		.uleb128 0x3b
 348 0086 05       		.uleb128 0x5
 349 0087 49       		.uleb128 0x49
 350 0088 13       		.uleb128 0x13
 351 0089 3F       		.uleb128 0x3f
 352 008a 19       		.uleb128 0x19
 353 008b 3C       		.uleb128 0x3c
 354 008c 19       		.uleb128 0x19
 355 008d 00       		.byte	0
 356 008e 00       		.byte	0
 357 008f 0B       		.uleb128 0xb
 358 0090 35       		.uleb128 0x35
 359 0091 00       		.byte	0
 360 0092 49       		.uleb128 0x49
 361 0093 13       		.uleb128 0x13
 362 0094 00       		.byte	0
 363 0095 00       		.byte	0
 364 0096 0C       		.uleb128 0xc
 365 0097 2E       		.uleb128 0x2e
 366 0098 00       		.byte	0
 367 0099 3F       		.uleb128 0x3f
 368 009a 19       		.uleb128 0x19
 369 009b 3C       		.uleb128 0x3c
 370 009c 19       		.uleb128 0x19
 371 009d 6E       		.uleb128 0x6e
 372 009e 0E       		.uleb128 0xe
ARM GAS  C:\Users\df16\AppData\Local\Temp\ccgOTCF1.s 			page 8


 373 009f 03       		.uleb128 0x3
 374 00a0 0E       		.uleb128 0xe
 375 00a1 3A       		.uleb128 0x3a
 376 00a2 0B       		.uleb128 0xb
 377 00a3 3B       		.uleb128 0x3b
 378 00a4 0B       		.uleb128 0xb
 379 00a5 00       		.byte	0
 380 00a6 00       		.byte	0
 381 00a7 0D       		.uleb128 0xd
 382 00a8 2E       		.uleb128 0x2e
 383 00a9 00       		.byte	0
 384 00aa 3F       		.uleb128 0x3f
 385 00ab 19       		.uleb128 0x19
 386 00ac 3C       		.uleb128 0x3c
 387 00ad 19       		.uleb128 0x19
 388 00ae 6E       		.uleb128 0x6e
 389 00af 0E       		.uleb128 0xe
 390 00b0 03       		.uleb128 0x3
 391 00b1 0E       		.uleb128 0xe
 392 00b2 3A       		.uleb128 0x3a
 393 00b3 0B       		.uleb128 0xb
 394 00b4 3B       		.uleb128 0x3b
 395 00b5 05       		.uleb128 0x5
 396 00b6 00       		.byte	0
 397 00b7 00       		.byte	0
 398 00b8 00       		.byte	0
 399              		.section	.debug_aranges,"",%progbits
 400 0000 1C000000 		.4byte	0x1c
 401 0004 0200     		.2byte	0x2
 402 0006 00000000 		.4byte	.Ldebug_info0
 403 000a 04       		.byte	0x4
 404 000b 00       		.byte	0
 405 000c 0000     		.2byte	0
 406 000e 0000     		.2byte	0
 407 0010 00000000 		.4byte	.LFB67
 408 0014 10000000 		.4byte	.LFE67-.LFB67
 409 0018 00000000 		.4byte	0
 410 001c 00000000 		.4byte	0
 411              		.section	.debug_ranges,"",%progbits
 412              	.Ldebug_ranges0:
 413 0000 00000000 		.4byte	.LFB67
 414 0004 10000000 		.4byte	.LFE67
 415 0008 00000000 		.4byte	0
 416 000c 00000000 		.4byte	0
 417              		.section	.debug_line,"",%progbits
 418              	.Ldebug_line0:
 419 0000 A7010000 		.section	.debug_str,"MS",%progbits,1
 419      02008E01 
 419      00000201 
 419      FB0E0D00 
 419      01010101 
 420              	.LASF6:
 421 0000 6C6F6E67 		.ascii	"long long int\000"
 421      206C6F6E 
 421      6720696E 
 421      7400
 422              	.LASF19:
ARM GAS  C:\Users\df16\AppData\Local\Temp\ccgOTCF1.s 			page 9


 423 000e 73656E73 		.ascii	"sensorTaakSetup\000"
 423      6F725461 
 423      616B5365 
 423      74757000 
 424              	.LASF26:
 425 001e 49544D5F 		.ascii	"ITM_RxBuffer\000"
 425      52784275 
 425      66666572 
 425      00
 426              	.LASF8:
 427 002b 756E7369 		.ascii	"unsigned int\000"
 427      676E6564 
 427      20696E74 
 427      00
 428              	.LASF23:
 429 0038 6D61696E 		.ascii	"main.c\000"
 429      2E6300
 430              	.LASF16:
 431 003f 72637854 		.ascii	"rcxTaakSetup\000"
 431      61616B53 
 431      65747570 
 431      00
 432              	.LASF17:
 433 004c 74727854 		.ascii	"trxTaakSetup\000"
 433      61616B53 
 433      65747570 
 433      00
 434              	.LASF22:
 435 0059 474E5520 		.ascii	"GNU C11 5.4.1 20160609 (release) [ARM/embedded-5-br"
 435      43313120 
 435      352E342E 
 435      31203230 
 435      31363036 
 436 008c 616E6368 		.ascii	"anch revision 237715] -mcpu=cortex-m3 -mthumb -g -O"
 436      20726576 
 436      6973696F 
 436      6E203233 
 436      37373135 
 437 00bf 67202D66 		.ascii	"g -ffunction-sections -ffat-lto-objects\000"
 437      66756E63 
 437      74696F6E 
 437      2D736563 
 437      74696F6E 
 438              	.LASF5:
 439 00e7 6C6F6E67 		.ascii	"long unsigned int\000"
 439      20756E73 
 439      69676E65 
 439      6420696E 
 439      7400
 440              	.LASF7:
 441 00f9 6C6F6E67 		.ascii	"long long unsigned int\000"
 441      206C6F6E 
 441      6720756E 
 441      7369676E 
 441      65642069 
 442              	.LASF3:
 443 0110 73686F72 		.ascii	"short unsigned int\000"
ARM GAS  C:\Users\df16\AppData\Local\Temp\ccgOTCF1.s 			page 10


 443      7420756E 
 443      7369676E 
 443      65642069 
 443      6E7400
 444              	.LASF11:
 445 0123 666C6F61 		.ascii	"float\000"
 445      7400
 446              	.LASF1:
 447 0129 756E7369 		.ascii	"unsigned char\000"
 447      676E6564 
 447      20636861 
 447      7200
 448              	.LASF13:
 449 0137 63686172 		.ascii	"char\000"
 449      00
 450              	.LASF4:
 451 013c 6C6F6E67 		.ascii	"long int\000"
 451      20696E74 
 451      00
 452              	.LASF21:
 453 0145 76546173 		.ascii	"vTaskStartScheduler\000"
 453      6B537461 
 453      72745363 
 453      68656475 
 453      6C657200 
 454              	.LASF12:
 455 0159 646F7562 		.ascii	"double\000"
 455      6C6500
 456              	.LASF18:
 457 0160 6D6F746F 		.ascii	"motorTaakSetup\000"
 457      72546161 
 457      6B536574 
 457      757000
 458              	.LASF0:
 459 016f 7369676E 		.ascii	"signed char\000"
 459      65642063 
 459      68617200 
 460              	.LASF14:
 461 017b 6C6F6E67 		.ascii	"long double\000"
 461      20646F75 
 461      626C6500 
 462              	.LASF9:
 463 0187 5F5F696E 		.ascii	"__int32_t\000"
 463      7433325F 
 463      7400
 464              	.LASF25:
 465 0191 6D61696E 		.ascii	"main\000"
 465      00
 466              	.LASF20:
 467 0196 6F707374 		.ascii	"opstart\000"
 467      61727400 
 468              	.LASF2:
 469 019e 73686F72 		.ascii	"short int\000"
 469      7420696E 
 469      7400
 470              	.LASF10:
 471 01a8 696E7433 		.ascii	"int32_t\000"
ARM GAS  C:\Users\df16\AppData\Local\Temp\ccgOTCF1.s 			page 11


 471      325F7400 
 472              	.LASF24:
 473 01b0 473A5C70 		.ascii	"G:\\project\\PsocWagen\\PSoC\\PSoCWagen\\PsocWagen."
 473      726F6A65 
 473      63745C50 
 473      736F6357 
 473      6167656E 
 474 01de 63796473 		.ascii	"cydsn\000"
 474      6E00
 475              	.LASF15:
 476 01e4 73697A65 		.ascii	"sizetype\000"
 476      74797065 
 476      00
 477              		.ident	"GCC: (GNU Tools for ARM Embedded Processors) 5.4.1 20160609 (release) [ARM/embedded-5-bran
