ARM GAS  C:\Users\df16\AppData\Local\Temp\ccH7E5pn.s 			page 1


   1              		.syntax unified
   2              		.cpu cortex-m3
   3              		.fpu softvfp
   4              		.eabi_attribute 20, 1
   5              		.eabi_attribute 21, 1
   6              		.eabi_attribute 23, 3
   7              		.eabi_attribute 24, 1
   8              		.eabi_attribute 25, 1
   9              		.eabi_attribute 26, 1
  10              		.eabi_attribute 30, 1
  11              		.eabi_attribute 34, 1
  12              		.eabi_attribute 18, 4
  13              		.thumb
  14              		.syntax unified
  15              		.file	"RTOS_heap.c"
  16              		.text
  17              	.Ltext0:
  18              		.cfi_sections	.debug_frame
  19              		.section	.text.pvPortMalloc,"ax",%progbits
  20              		.align	2
  21              		.global	pvPortMalloc
  22              		.thumb
  23              		.thumb_func
  24              		.type	pvPortMalloc, %function
  25              	pvPortMalloc:
  26              	.LFB67:
  27              		.file 1 "Generated_Source\\PSoC5\\RTOS_heap.c"
   1:Generated_Source\PSoC5/RTOS_heap.c **** /*
   2:Generated_Source\PSoC5/RTOS_heap.c ****  * FreeRTOS Kernel V10.4.0
   3:Generated_Source\PSoC5/RTOS_heap.c ****  * Copyright (C) 2020 Amazon.com, Inc. or its affiliates.  All Rights Reserved.
   4:Generated_Source\PSoC5/RTOS_heap.c ****  *
   5:Generated_Source\PSoC5/RTOS_heap.c ****  * Permission is hereby granted, free of charge, to any person obtaining a copy of
   6:Generated_Source\PSoC5/RTOS_heap.c ****  * this software and associated documentation files (the "Software"), to deal in
   7:Generated_Source\PSoC5/RTOS_heap.c ****  * the Software without restriction, including without limitation the rights to
   8:Generated_Source\PSoC5/RTOS_heap.c ****  * use, copy, modify, merge, publish, distribute, sublicense, and/or sell copies of
   9:Generated_Source\PSoC5/RTOS_heap.c ****  * the Software, and to permit persons to whom the Software is furnished to do so,
  10:Generated_Source\PSoC5/RTOS_heap.c ****  * subject to the following conditions:
  11:Generated_Source\PSoC5/RTOS_heap.c ****  *
  12:Generated_Source\PSoC5/RTOS_heap.c ****  * The above copyright notice and this permission notice shall be included in all
  13:Generated_Source\PSoC5/RTOS_heap.c ****  * copies or substantial portions of the Software.
  14:Generated_Source\PSoC5/RTOS_heap.c ****  *
  15:Generated_Source\PSoC5/RTOS_heap.c ****  * THE SOFTWARE IS PROVIDED "AS IS", WITHOUT WARRANTY OF ANY KIND, EXPRESS OR
  16:Generated_Source\PSoC5/RTOS_heap.c ****  * IMPLIED, INCLUDING BUT NOT LIMITED TO THE WARRANTIES OF MERCHANTABILITY, FITNESS
  17:Generated_Source\PSoC5/RTOS_heap.c ****  * FOR A PARTICULAR PURPOSE AND NONINFRINGEMENT. IN NO EVENT SHALL THE AUTHORS OR
  18:Generated_Source\PSoC5/RTOS_heap.c ****  * COPYRIGHT HOLDERS BE LIABLE FOR ANY CLAIM, DAMAGES OR OTHER LIABILITY, WHETHER
  19:Generated_Source\PSoC5/RTOS_heap.c ****  * IN AN ACTION OF CONTRACT, TORT OR OTHERWISE, ARISING FROM, OUT OF OR IN
  20:Generated_Source\PSoC5/RTOS_heap.c ****  * CONNECTION WITH THE SOFTWARE OR THE USE OR OTHER DEALINGS IN THE SOFTWARE.
  21:Generated_Source\PSoC5/RTOS_heap.c ****  *
  22:Generated_Source\PSoC5/RTOS_heap.c ****  * https://www.FreeRTOS.org
  23:Generated_Source\PSoC5/RTOS_heap.c ****  * https://github.com/FreeRTOS
  24:Generated_Source\PSoC5/RTOS_heap.c ****  *
  25:Generated_Source\PSoC5/RTOS_heap.c ****  * 1 tab == 4 spaces!
  26:Generated_Source\PSoC5/RTOS_heap.c ****  */
  27:Generated_Source\PSoC5/RTOS_heap.c **** 
  28:Generated_Source\PSoC5/RTOS_heap.c **** 
  29:Generated_Source\PSoC5/RTOS_heap.c **** /*
  30:Generated_Source\PSoC5/RTOS_heap.c ****  * The simplest possible implementation of pvPortMalloc().  Note that this
ARM GAS  C:\Users\df16\AppData\Local\Temp\ccH7E5pn.s 			page 2


  31:Generated_Source\PSoC5/RTOS_heap.c ****  * implementation does NOT allow allocated memory to be freed again.
  32:Generated_Source\PSoC5/RTOS_heap.c ****  *
  33:Generated_Source\PSoC5/RTOS_heap.c ****  * See heap_2.c, heap_3.c and heap_4.c for alternative implementations, and the
  34:Generated_Source\PSoC5/RTOS_heap.c ****  * memory management pages of https://www.FreeRTOS.org for more information.
  35:Generated_Source\PSoC5/RTOS_heap.c ****  */
  36:Generated_Source\PSoC5/RTOS_heap.c **** 
  37:Generated_Source\PSoC5/RTOS_heap.c **** #if(1 == 1)
  38:Generated_Source\PSoC5/RTOS_heap.c **** 
  39:Generated_Source\PSoC5/RTOS_heap.c **** #include <stdlib.h>
  40:Generated_Source\PSoC5/RTOS_heap.c **** 
  41:Generated_Source\PSoC5/RTOS_heap.c **** /* Defining MPU_WRAPPERS_INCLUDED_FROM_API_FILE prevents task.h from redefining
  42:Generated_Source\PSoC5/RTOS_heap.c ****  * all the API functions to use the MPU wrappers.  That should only be done when
  43:Generated_Source\PSoC5/RTOS_heap.c ****  * task.h is included from an application file. */
  44:Generated_Source\PSoC5/RTOS_heap.c **** #define MPU_WRAPPERS_INCLUDED_FROM_API_FILE
  45:Generated_Source\PSoC5/RTOS_heap.c **** 
  46:Generated_Source\PSoC5/RTOS_heap.c **** //#include "FreeRTOS.h"
  47:Generated_Source\PSoC5/RTOS_heap.c **** #include "RTOS_FreeRTOS.h"
  48:Generated_Source\PSoC5/RTOS_heap.c **** 
  49:Generated_Source\PSoC5/RTOS_heap.c **** #include "task.h"
  50:Generated_Source\PSoC5/RTOS_heap.c **** 
  51:Generated_Source\PSoC5/RTOS_heap.c **** #undef MPU_WRAPPERS_INCLUDED_FROM_API_FILE
  52:Generated_Source\PSoC5/RTOS_heap.c **** 
  53:Generated_Source\PSoC5/RTOS_heap.c **** #if ( configSUPPORT_DYNAMIC_ALLOCATION == 0 )
  54:Generated_Source\PSoC5/RTOS_heap.c ****     #error This file must not be used if configSUPPORT_DYNAMIC_ALLOCATION is 0
  55:Generated_Source\PSoC5/RTOS_heap.c **** #endif
  56:Generated_Source\PSoC5/RTOS_heap.c **** 
  57:Generated_Source\PSoC5/RTOS_heap.c **** /* A few bytes might be lost to byte aligning the heap start address. */
  58:Generated_Source\PSoC5/RTOS_heap.c **** #define configADJUSTED_HEAP_SIZE    ( configTOTAL_HEAP_SIZE - portBYTE_ALIGNMENT )
  59:Generated_Source\PSoC5/RTOS_heap.c **** 
  60:Generated_Source\PSoC5/RTOS_heap.c **** /* Allocate the memory for the heap. */
  61:Generated_Source\PSoC5/RTOS_heap.c **** #if ( configAPPLICATION_ALLOCATED_HEAP == 1 )
  62:Generated_Source\PSoC5/RTOS_heap.c **** 
  63:Generated_Source\PSoC5/RTOS_heap.c **** /* The application writer has already defined the array used for the RTOS
  64:Generated_Source\PSoC5/RTOS_heap.c **** * heap - probably so it can be placed in a special segment or address. */
  65:Generated_Source\PSoC5/RTOS_heap.c ****     extern uint8_t ucHeap[ configTOTAL_HEAP_SIZE ];
  66:Generated_Source\PSoC5/RTOS_heap.c **** #else
  67:Generated_Source\PSoC5/RTOS_heap.c ****     static uint8_t ucHeap[ configTOTAL_HEAP_SIZE ];
  68:Generated_Source\PSoC5/RTOS_heap.c **** #endif /* configAPPLICATION_ALLOCATED_HEAP */
  69:Generated_Source\PSoC5/RTOS_heap.c **** 
  70:Generated_Source\PSoC5/RTOS_heap.c **** /* Index into the ucHeap array. */
  71:Generated_Source\PSoC5/RTOS_heap.c **** static size_t xNextFreeByte = ( size_t ) 0;
  72:Generated_Source\PSoC5/RTOS_heap.c **** 
  73:Generated_Source\PSoC5/RTOS_heap.c **** /*-----------------------------------------------------------*/
  74:Generated_Source\PSoC5/RTOS_heap.c **** 
  75:Generated_Source\PSoC5/RTOS_heap.c **** void * pvPortMalloc( size_t xWantedSize )
  76:Generated_Source\PSoC5/RTOS_heap.c **** {
  28              		.loc 1 76 0
  29              		.cfi_startproc
  30              		@ args = 0, pretend = 0, frame = 0
  31              		@ frame_needed = 0, uses_anonymous_args = 0
  32              	.LVL0:
  33 0000 38B5     		push	{r3, r4, r5, lr}
  34              		.cfi_def_cfa_offset 16
  35              		.cfi_offset 3, -16
  36              		.cfi_offset 4, -12
  37              		.cfi_offset 5, -8
  38              		.cfi_offset 14, -4
ARM GAS  C:\Users\df16\AppData\Local\Temp\ccH7E5pn.s 			page 3


  39 0002 0446     		mov	r4, r0
  40              	.LVL1:
  77:Generated_Source\PSoC5/RTOS_heap.c ****     void * pvReturn = NULL;
  78:Generated_Source\PSoC5/RTOS_heap.c ****     static uint8_t * pucAlignedHeap = NULL;
  79:Generated_Source\PSoC5/RTOS_heap.c **** 
  80:Generated_Source\PSoC5/RTOS_heap.c ****     /* Ensure that blocks are always aligned to the required number of bytes. */
  81:Generated_Source\PSoC5/RTOS_heap.c ****     #if ( portBYTE_ALIGNMENT != 1 )
  82:Generated_Source\PSoC5/RTOS_heap.c ****         {
  83:Generated_Source\PSoC5/RTOS_heap.c ****             if( xWantedSize & portBYTE_ALIGNMENT_MASK )
  41              		.loc 1 83 0
  42 0004 10F0070F 		tst	r0, #7
  43 0008 02D0     		beq	.L2
  84:Generated_Source\PSoC5/RTOS_heap.c ****             {
  85:Generated_Source\PSoC5/RTOS_heap.c ****                 /* Byte alignment required. */
  86:Generated_Source\PSoC5/RTOS_heap.c ****                 xWantedSize += ( portBYTE_ALIGNMENT - ( xWantedSize & portBYTE_ALIGNMENT_MASK ) );
  44              		.loc 1 86 0
  45 000a 20F00704 		bic	r4, r0, #7
  46 000e 0834     		adds	r4, r4, #8
  47              	.LVL2:
  48              	.L2:
  87:Generated_Source\PSoC5/RTOS_heap.c ****             }
  88:Generated_Source\PSoC5/RTOS_heap.c ****         }
  89:Generated_Source\PSoC5/RTOS_heap.c ****     #endif
  90:Generated_Source\PSoC5/RTOS_heap.c **** 
  91:Generated_Source\PSoC5/RTOS_heap.c ****     vTaskSuspendAll();
  49              		.loc 1 91 0
  50 0010 FFF7FEFF 		bl	vTaskSuspendAll
  51              	.LVL3:
  92:Generated_Source\PSoC5/RTOS_heap.c ****     {
  93:Generated_Source\PSoC5/RTOS_heap.c ****         if( pucAlignedHeap == NULL )
  52              		.loc 1 93 0
  53 0014 104B     		ldr	r3, .L8
  54 0016 1B68     		ldr	r3, [r3]
  55 0018 2BB9     		cbnz	r3, .L3
  94:Generated_Source\PSoC5/RTOS_heap.c ****         {
  95:Generated_Source\PSoC5/RTOS_heap.c ****             /* Ensure the heap starts on a correctly aligned boundary. */
  96:Generated_Source\PSoC5/RTOS_heap.c ****             pucAlignedHeap = ( uint8_t * ) ( ( ( portPOINTER_SIZE_TYPE ) & ucHeap[ portBYTE_ALIGNME
  56              		.loc 1 96 0
  57 001a 0F4A     		ldr	r2, .L8
  58 001c 02F10C03 		add	r3, r2, #12
  59 0020 23F00703 		bic	r3, r3, #7
  60 0024 1360     		str	r3, [r2]
  61              	.L3:
  97:Generated_Source\PSoC5/RTOS_heap.c ****         }
  98:Generated_Source\PSoC5/RTOS_heap.c **** 
  99:Generated_Source\PSoC5/RTOS_heap.c ****         /* Check there is enough room left for the allocation. */
 100:Generated_Source\PSoC5/RTOS_heap.c ****         if( ( ( xNextFreeByte + xWantedSize ) < configADJUSTED_HEAP_SIZE ) &&
  62              		.loc 1 100 0
  63 0026 0D4B     		ldr	r3, .L8+4
  64 0028 D3F81436 		ldr	r3, [r3, #1556]
  65 002c 1C44     		add	r4, r4, r3
  66              	.LVL4:
  67 002e 42F2F772 		movw	r2, #10231
  68 0032 9442     		cmp	r4, r2
  69 0034 08D8     		bhi	.L5
  70              		.loc 1 100 0 is_stmt 0 discriminator 1
  71 0036 A342     		cmp	r3, r4
ARM GAS  C:\Users\df16\AppData\Local\Temp\ccH7E5pn.s 			page 4


  72 0038 08D2     		bcs	.L6
 101:Generated_Source\PSoC5/RTOS_heap.c ****             ( ( xNextFreeByte + xWantedSize ) > xNextFreeByte ) ) /* Check for overflow. */
 102:Generated_Source\PSoC5/RTOS_heap.c ****         {
 103:Generated_Source\PSoC5/RTOS_heap.c ****             /* Return the next free byte then increment the index past this
 104:Generated_Source\PSoC5/RTOS_heap.c ****              * block. */
 105:Generated_Source\PSoC5/RTOS_heap.c ****             pvReturn = pucAlignedHeap + xNextFreeByte;
  73              		.loc 1 105 0 is_stmt 1
  74 003a 074A     		ldr	r2, .L8
  75 003c 1568     		ldr	r5, [r2]
  76 003e 1D44     		add	r5, r5, r3
  77              	.LVL5:
 106:Generated_Source\PSoC5/RTOS_heap.c ****             xNextFreeByte += xWantedSize;
  78              		.loc 1 106 0
  79 0040 064B     		ldr	r3, .L8+4
  80 0042 C3F81446 		str	r4, [r3, #1556]
  81 0046 02E0     		b	.L4
  82              	.LVL6:
  83              	.L5:
  77:Generated_Source\PSoC5/RTOS_heap.c ****     static uint8_t * pucAlignedHeap = NULL;
  84              		.loc 1 77 0
  85 0048 0025     		movs	r5, #0
  86 004a 00E0     		b	.L4
  87              	.L6:
  88 004c 0025     		movs	r5, #0
  89              	.LVL7:
  90              	.L4:
 107:Generated_Source\PSoC5/RTOS_heap.c ****         }
 108:Generated_Source\PSoC5/RTOS_heap.c **** 
 109:Generated_Source\PSoC5/RTOS_heap.c ****         traceMALLOC( pvReturn, xWantedSize );
 110:Generated_Source\PSoC5/RTOS_heap.c ****     }
 111:Generated_Source\PSoC5/RTOS_heap.c ****     ( void ) xTaskResumeAll();
  91              		.loc 1 111 0
  92 004e FFF7FEFF 		bl	xTaskResumeAll
  93              	.LVL8:
 112:Generated_Source\PSoC5/RTOS_heap.c **** 
 113:Generated_Source\PSoC5/RTOS_heap.c ****     #if ( configUSE_MALLOC_FAILED_HOOK == 1 )
 114:Generated_Source\PSoC5/RTOS_heap.c ****         {
 115:Generated_Source\PSoC5/RTOS_heap.c ****             if( pvReturn == NULL )
 116:Generated_Source\PSoC5/RTOS_heap.c ****             {
 117:Generated_Source\PSoC5/RTOS_heap.c ****                 extern void vApplicationMallocFailedHook( void );
 118:Generated_Source\PSoC5/RTOS_heap.c ****                 vApplicationMallocFailedHook();
 119:Generated_Source\PSoC5/RTOS_heap.c ****             }
 120:Generated_Source\PSoC5/RTOS_heap.c ****         }
 121:Generated_Source\PSoC5/RTOS_heap.c ****     #endif
 122:Generated_Source\PSoC5/RTOS_heap.c **** 
 123:Generated_Source\PSoC5/RTOS_heap.c ****     return pvReturn;
 124:Generated_Source\PSoC5/RTOS_heap.c **** }
  94              		.loc 1 124 0
  95 0052 2846     		mov	r0, r5
  96 0054 38BD     		pop	{r3, r4, r5, pc}
  97              	.LVL9:
  98              	.L9:
  99 0056 00BF     		.align	2
 100              	.L8:
 101 0058 00000000 		.word	.LANCHOR0
 102 005c F0210000 		.word	.LANCHOR1
 103              		.cfi_endproc
ARM GAS  C:\Users\df16\AppData\Local\Temp\ccH7E5pn.s 			page 5


 104              	.LFE67:
 105              		.size	pvPortMalloc, .-pvPortMalloc
 106              		.section	.text.vPortFree,"ax",%progbits
 107              		.align	2
 108              		.global	vPortFree
 109              		.thumb
 110              		.thumb_func
 111              		.type	vPortFree, %function
 112              	vPortFree:
 113              	.LFB68:
 125:Generated_Source\PSoC5/RTOS_heap.c **** /*-----------------------------------------------------------*/
 126:Generated_Source\PSoC5/RTOS_heap.c **** 
 127:Generated_Source\PSoC5/RTOS_heap.c **** void vPortFree( void * pv )
 128:Generated_Source\PSoC5/RTOS_heap.c **** {
 114              		.loc 1 128 0
 115              		.cfi_startproc
 116              		@ args = 0, pretend = 0, frame = 0
 117              		@ frame_needed = 0, uses_anonymous_args = 0
 118              		@ link register save eliminated.
 119              	.LVL10:
 120 0000 7047     		bx	lr
 121              		.cfi_endproc
 122              	.LFE68:
 123              		.size	vPortFree, .-vPortFree
 124 0002 00BF     		.section	.text.vPortInitialiseBlocks,"ax",%progbits
 125              		.align	2
 126              		.global	vPortInitialiseBlocks
 127              		.thumb
 128              		.thumb_func
 129              		.type	vPortInitialiseBlocks, %function
 130              	vPortInitialiseBlocks:
 131              	.LFB69:
 129:Generated_Source\PSoC5/RTOS_heap.c ****     /* Memory cannot be freed using this scheme.  See heap_2.c, heap_3.c and
 130:Generated_Source\PSoC5/RTOS_heap.c ****      * heap_4.c for alternative implementations, and the memory management pages of
 131:Generated_Source\PSoC5/RTOS_heap.c ****      * https://www.FreeRTOS.org for more information. */
 132:Generated_Source\PSoC5/RTOS_heap.c ****     ( void ) pv;
 133:Generated_Source\PSoC5/RTOS_heap.c **** 
 134:Generated_Source\PSoC5/RTOS_heap.c ****     /* Force an assert as it is invalid to call this function. */
 135:Generated_Source\PSoC5/RTOS_heap.c ****     configASSERT( pv == NULL );
 136:Generated_Source\PSoC5/RTOS_heap.c **** }
 137:Generated_Source\PSoC5/RTOS_heap.c **** /*-----------------------------------------------------------*/
 138:Generated_Source\PSoC5/RTOS_heap.c **** 
 139:Generated_Source\PSoC5/RTOS_heap.c **** void vPortInitialiseBlocks( void )
 140:Generated_Source\PSoC5/RTOS_heap.c **** {
 132              		.loc 1 140 0
 133              		.cfi_startproc
 134              		@ args = 0, pretend = 0, frame = 0
 135              		@ frame_needed = 0, uses_anonymous_args = 0
 136              		@ link register save eliminated.
 141:Generated_Source\PSoC5/RTOS_heap.c ****     /* Only required when static memory is not cleared. */
 142:Generated_Source\PSoC5/RTOS_heap.c ****     xNextFreeByte = ( size_t ) 0;
 137              		.loc 1 142 0
 138 0000 0022     		movs	r2, #0
 139 0002 024B     		ldr	r3, .L12
 140 0004 C3F81426 		str	r2, [r3, #1556]
 141 0008 7047     		bx	lr
 142              	.L13:
ARM GAS  C:\Users\df16\AppData\Local\Temp\ccH7E5pn.s 			page 6


 143 000a 00BF     		.align	2
 144              	.L12:
 145 000c F0210000 		.word	.LANCHOR1
 146              		.cfi_endproc
 147              	.LFE69:
 148              		.size	vPortInitialiseBlocks, .-vPortInitialiseBlocks
 149              		.section	.text.xPortGetFreeHeapSize,"ax",%progbits
 150              		.align	2
 151              		.global	xPortGetFreeHeapSize
 152              		.thumb
 153              		.thumb_func
 154              		.type	xPortGetFreeHeapSize, %function
 155              	xPortGetFreeHeapSize:
 156              	.LFB70:
 143:Generated_Source\PSoC5/RTOS_heap.c **** }
 144:Generated_Source\PSoC5/RTOS_heap.c **** /*-----------------------------------------------------------*/
 145:Generated_Source\PSoC5/RTOS_heap.c **** 
 146:Generated_Source\PSoC5/RTOS_heap.c **** size_t xPortGetFreeHeapSize( void )
 147:Generated_Source\PSoC5/RTOS_heap.c **** {
 157              		.loc 1 147 0
 158              		.cfi_startproc
 159              		@ args = 0, pretend = 0, frame = 0
 160              		@ frame_needed = 0, uses_anonymous_args = 0
 161              		@ link register save eliminated.
 148:Generated_Source\PSoC5/RTOS_heap.c ****     return( configADJUSTED_HEAP_SIZE - xNextFreeByte );
 162              		.loc 1 148 0
 163 0000 034B     		ldr	r3, .L15
 164 0002 D3F81406 		ldr	r0, [r3, #1556]
 149:Generated_Source\PSoC5/RTOS_heap.c **** }
 165              		.loc 1 149 0
 166 0006 C0F51F50 		rsb	r0, r0, #10176
 167 000a 3830     		adds	r0, r0, #56
 168 000c 7047     		bx	lr
 169              	.L16:
 170 000e 00BF     		.align	2
 171              	.L15:
 172 0010 F0210000 		.word	.LANCHOR1
 173              		.cfi_endproc
 174              	.LFE70:
 175              		.size	xPortGetFreeHeapSize, .-xPortGetFreeHeapSize
 176              		.bss
 177              		.align	2
 178              		.set	.LANCHOR0,. + 0
 179              		.set	.LANCHOR1,. + 8688
 180              		.type	pucAlignedHeap.6952, %object
 181              		.size	pucAlignedHeap.6952, 4
 182              	pucAlignedHeap.6952:
 183 0000 00000000 		.space	4
 184              		.type	ucHeap, %object
 185              		.size	ucHeap, 10240
 186              	ucHeap:
 187 0004 00000000 		.space	10240
 187      00000000 
 187      00000000 
 187      00000000 
 187      00000000 
 188              		.type	xNextFreeByte, %object
ARM GAS  C:\Users\df16\AppData\Local\Temp\ccH7E5pn.s 			page 7


 189              		.size	xNextFreeByte, 4
 190              	xNextFreeByte:
 191 2804 00000000 		.space	4
 192              		.text
 193              	.Letext0:
 194              		.file 2 "c:\\program files (x86)\\cypress\\psoc creator\\4.4\\psoc creator\\import\\gnu\\arm\\5.4.
 195              		.file 3 "c:\\program files (x86)\\cypress\\psoc creator\\4.4\\psoc creator\\import\\gnu\\arm\\5.4.
 196              		.file 4 "c:\\program files (x86)\\cypress\\psoc creator\\4.4\\psoc creator\\import\\gnu\\arm\\5.4.
 197              		.file 5 "..\\..\\UCLL_Koen_lib.cylib\\myFreeRTOS\\Source\\include/task.h"
 198              		.file 6 "Generated_Source\\PSoC5/core_cm3.h"
 199              		.section	.debug_info,"",%progbits
 200              	.Ldebug_info0:
 201 0000 DF010000 		.4byte	0x1df
 202 0004 0400     		.2byte	0x4
 203 0006 00000000 		.4byte	.Ldebug_abbrev0
 204 000a 04       		.byte	0x4
 205 000b 01       		.uleb128 0x1
 206 000c 86000000 		.4byte	.LASF28
 207 0010 0C       		.byte	0xc
 208 0011 00000000 		.4byte	.LASF29
 209 0015 F6010000 		.4byte	.LASF30
 210 0019 00000000 		.4byte	.Ldebug_ranges0+0
 211 001d 00000000 		.4byte	0
 212 0021 00000000 		.4byte	.Ldebug_line0
 213 0025 02       		.uleb128 0x2
 214 0026 2D000000 		.4byte	.LASF4
 215 002a 02       		.byte	0x2
 216 002b D8       		.byte	0xd8
 217 002c 30000000 		.4byte	0x30
 218 0030 03       		.uleb128 0x3
 219 0031 04       		.byte	0x4
 220 0032 07       		.byte	0x7
 221 0033 7E010000 		.4byte	.LASF0
 222 0037 04       		.uleb128 0x4
 223 0038 04       		.byte	0x4
 224 0039 05       		.byte	0x5
 225 003a 696E7400 		.ascii	"int\000"
 226 003e 03       		.uleb128 0x3
 227 003f 08       		.byte	0x8
 228 0040 05       		.byte	0x5
 229 0041 BB010000 		.4byte	.LASF1
 230 0045 03       		.uleb128 0x3
 231 0046 08       		.byte	0x8
 232 0047 04       		.byte	0x4
 233 0048 50020000 		.4byte	.LASF2
 234 004c 03       		.uleb128 0x3
 235 004d 01       		.byte	0x1
 236 004e 06       		.byte	0x6
 237 004f 5C020000 		.4byte	.LASF3
 238 0053 02       		.uleb128 0x2
 239 0054 23000000 		.4byte	.LASF5
 240 0058 03       		.byte	0x3
 241 0059 1D       		.byte	0x1d
 242 005a 5E000000 		.4byte	0x5e
 243 005e 03       		.uleb128 0x3
 244 005f 01       		.byte	0x1
 245 0060 08       		.byte	0x8
ARM GAS  C:\Users\df16\AppData\Local\Temp\ccH7E5pn.s 			page 8


 246 0061 78000000 		.4byte	.LASF6
 247 0065 03       		.uleb128 0x3
 248 0066 02       		.byte	0x2
 249 0067 05       		.byte	0x5
 250 0068 2A020000 		.4byte	.LASF7
 251 006c 03       		.uleb128 0x3
 252 006d 02       		.byte	0x2
 253 006e 07       		.byte	0x7
 254 006f 26010000 		.4byte	.LASF8
 255 0073 02       		.uleb128 0x2
 256 0074 44000000 		.4byte	.LASF9
 257 0078 03       		.byte	0x3
 258 0079 3F       		.byte	0x3f
 259 007a 7E000000 		.4byte	0x7e
 260 007e 03       		.uleb128 0x3
 261 007f 04       		.byte	0x4
 262 0080 05       		.byte	0x5
 263 0081 47020000 		.4byte	.LASF10
 264 0085 02       		.uleb128 0x2
 265 0086 4D010000 		.4byte	.LASF11
 266 008a 03       		.byte	0x3
 267 008b 41       		.byte	0x41
 268 008c 90000000 		.4byte	0x90
 269 0090 03       		.uleb128 0x3
 270 0091 04       		.byte	0x4
 271 0092 07       		.byte	0x7
 272 0093 14010000 		.4byte	.LASF12
 273 0097 03       		.uleb128 0x3
 274 0098 08       		.byte	0x8
 275 0099 07       		.byte	0x7
 276 009a 8B010000 		.4byte	.LASF13
 277 009e 03       		.uleb128 0x3
 278 009f 04       		.byte	0x4
 279 00a0 07       		.byte	0x7
 280 00a1 B2010000 		.4byte	.LASF14
 281 00a5 05       		.uleb128 0x5
 282 00a6 04       		.byte	0x4
 283 00a7 03       		.uleb128 0x3
 284 00a8 01       		.byte	0x1
 285 00a9 08       		.byte	0x8
 286 00aa D5010000 		.4byte	.LASF15
 287 00ae 02       		.uleb128 0x2
 288 00af A2010000 		.4byte	.LASF16
 289 00b3 04       		.byte	0x4
 290 00b4 18       		.byte	0x18
 291 00b5 53000000 		.4byte	0x53
 292 00b9 02       		.uleb128 0x2
 293 00ba AA010000 		.4byte	.LASF17
 294 00be 04       		.byte	0x4
 295 00bf 2C       		.byte	0x2c
 296 00c0 73000000 		.4byte	0x73
 297 00c4 02       		.uleb128 0x2
 298 00c5 3E020000 		.4byte	.LASF18
 299 00c9 04       		.byte	0x4
 300 00ca 30       		.byte	0x30
 301 00cb 85000000 		.4byte	0x85
 302 00cf 03       		.uleb128 0x3
ARM GAS  C:\Users\df16\AppData\Local\Temp\ccH7E5pn.s 			page 9


 303 00d0 04       		.byte	0x4
 304 00d1 04       		.byte	0x4
 305 00d2 72000000 		.4byte	.LASF19
 306 00d6 03       		.uleb128 0x3
 307 00d7 08       		.byte	0x8
 308 00d8 04       		.byte	0x4
 309 00d9 46010000 		.4byte	.LASF20
 310 00dd 06       		.uleb128 0x6
 311 00de 04       		.byte	0x4
 312 00df AE000000 		.4byte	0xae
 313 00e3 07       		.uleb128 0x7
 314 00e4 E9010000 		.4byte	.LASF31
 315 00e8 01       		.byte	0x1
 316 00e9 4B       		.byte	0x4b
 317 00ea A5000000 		.4byte	0xa5
 318 00ee 00000000 		.4byte	.LFB67
 319 00f2 60000000 		.4byte	.LFE67-.LFB67
 320 00f6 01       		.uleb128 0x1
 321 00f7 9C       		.byte	0x9c
 322 00f8 3E010000 		.4byte	0x13e
 323 00fc 08       		.uleb128 0x8
 324 00fd C9010000 		.4byte	.LASF23
 325 0101 01       		.byte	0x1
 326 0102 4B       		.byte	0x4b
 327 0103 25000000 		.4byte	0x25
 328 0107 00000000 		.4byte	.LLST0
 329 010b 09       		.uleb128 0x9
 330 010c 58010000 		.4byte	.LASF21
 331 0110 01       		.byte	0x1
 332 0111 4D       		.byte	0x4d
 333 0112 A5000000 		.4byte	0xa5
 334 0116 1E000000 		.4byte	.LLST1
 335 011a 0A       		.uleb128 0xa
 336 011b DA010000 		.4byte	.LASF22
 337 011f 01       		.byte	0x1
 338 0120 4E       		.byte	0x4e
 339 0121 DD000000 		.4byte	0xdd
 340 0125 05       		.uleb128 0x5
 341 0126 03       		.byte	0x3
 342 0127 00000000 		.4byte	pucAlignedHeap.6952
 343 012b 0B       		.uleb128 0xb
 344 012c 14000000 		.4byte	.LVL3
 345 0130 CA010000 		.4byte	0x1ca
 346 0134 0B       		.uleb128 0xb
 347 0135 52000000 		.4byte	.LVL8
 348 0139 D6010000 		.4byte	0x1d6
 349 013d 00       		.byte	0
 350 013e 0C       		.uleb128 0xc
 351 013f 34020000 		.4byte	.LASF32
 352 0143 01       		.byte	0x1
 353 0144 7F       		.byte	0x7f
 354 0145 00000000 		.4byte	.LFB68
 355 0149 02000000 		.4byte	.LFE68-.LFB68
 356 014d 01       		.uleb128 0x1
 357 014e 9C       		.byte	0x9c
 358 014f 60010000 		.4byte	0x160
 359 0153 0D       		.uleb128 0xd
ARM GAS  C:\Users\df16\AppData\Local\Temp\ccH7E5pn.s 			page 10


 360 0154 707600   		.ascii	"pv\000"
 361 0157 01       		.byte	0x1
 362 0158 7F       		.byte	0x7f
 363 0159 A5000000 		.4byte	0xa5
 364 015d 01       		.uleb128 0x1
 365 015e 50       		.byte	0x50
 366 015f 00       		.byte	0
 367 0160 0E       		.uleb128 0xe
 368 0161 68010000 		.4byte	.LASF33
 369 0165 01       		.byte	0x1
 370 0166 8B       		.byte	0x8b
 371 0167 00000000 		.4byte	.LFB69
 372 016b 10000000 		.4byte	.LFE69-.LFB69
 373 016f 01       		.uleb128 0x1
 374 0170 9C       		.byte	0x9c
 375 0171 0F       		.uleb128 0xf
 376 0172 4E000000 		.4byte	.LASF34
 377 0176 01       		.byte	0x1
 378 0177 92       		.byte	0x92
 379 0178 25000000 		.4byte	0x25
 380 017c 00000000 		.4byte	.LFB70
 381 0180 14000000 		.4byte	.LFE70-.LFB70
 382 0184 01       		.uleb128 0x1
 383 0185 9C       		.byte	0x9c
 384 0186 10       		.uleb128 0x10
 385 0187 AE000000 		.4byte	0xae
 386 018b 97010000 		.4byte	0x197
 387 018f 11       		.uleb128 0x11
 388 0190 9E000000 		.4byte	0x9e
 389 0194 FF27     		.2byte	0x27ff
 390 0196 00       		.byte	0
 391 0197 0A       		.uleb128 0xa
 392 0198 61010000 		.4byte	.LASF24
 393 019c 01       		.byte	0x1
 394 019d 43       		.byte	0x43
 395 019e 86010000 		.4byte	0x186
 396 01a2 05       		.uleb128 0x5
 397 01a3 03       		.byte	0x3
 398 01a4 04000000 		.4byte	ucHeap
 399 01a8 0A       		.uleb128 0xa
 400 01a9 68020000 		.4byte	.LASF25
 401 01ad 01       		.byte	0x1
 402 01ae 47       		.byte	0x47
 403 01af 25000000 		.4byte	0x25
 404 01b3 05       		.uleb128 0x5
 405 01b4 03       		.byte	0x3
 406 01b5 04280000 		.4byte	xNextFreeByte
 407 01b9 12       		.uleb128 0x12
 408 01ba 39010000 		.4byte	.LASF35
 409 01be 06       		.byte	0x6
 410 01bf 1207     		.2byte	0x712
 411 01c1 C5010000 		.4byte	0x1c5
 412 01c5 13       		.uleb128 0x13
 413 01c6 B9000000 		.4byte	0xb9
 414 01ca 14       		.uleb128 0x14
 415 01cb 34000000 		.4byte	.LASF26
 416 01cf 34000000 		.4byte	.LASF26
ARM GAS  C:\Users\df16\AppData\Local\Temp\ccH7E5pn.s 			page 11


 417 01d3 05       		.byte	0x5
 418 01d4 3B05     		.2byte	0x53b
 419 01d6 14       		.uleb128 0x14
 420 01d7 63000000 		.4byte	.LASF27
 421 01db 63000000 		.4byte	.LASF27
 422 01df 05       		.byte	0x5
 423 01e0 7305     		.2byte	0x573
 424 01e2 00       		.byte	0
 425              		.section	.debug_abbrev,"",%progbits
 426              	.Ldebug_abbrev0:
 427 0000 01       		.uleb128 0x1
 428 0001 11       		.uleb128 0x11
 429 0002 01       		.byte	0x1
 430 0003 25       		.uleb128 0x25
 431 0004 0E       		.uleb128 0xe
 432 0005 13       		.uleb128 0x13
 433 0006 0B       		.uleb128 0xb
 434 0007 03       		.uleb128 0x3
 435 0008 0E       		.uleb128 0xe
 436 0009 1B       		.uleb128 0x1b
 437 000a 0E       		.uleb128 0xe
 438 000b 55       		.uleb128 0x55
 439 000c 17       		.uleb128 0x17
 440 000d 11       		.uleb128 0x11
 441 000e 01       		.uleb128 0x1
 442 000f 10       		.uleb128 0x10
 443 0010 17       		.uleb128 0x17
 444 0011 00       		.byte	0
 445 0012 00       		.byte	0
 446 0013 02       		.uleb128 0x2
 447 0014 16       		.uleb128 0x16
 448 0015 00       		.byte	0
 449 0016 03       		.uleb128 0x3
 450 0017 0E       		.uleb128 0xe
 451 0018 3A       		.uleb128 0x3a
 452 0019 0B       		.uleb128 0xb
 453 001a 3B       		.uleb128 0x3b
 454 001b 0B       		.uleb128 0xb
 455 001c 49       		.uleb128 0x49
 456 001d 13       		.uleb128 0x13
 457 001e 00       		.byte	0
 458 001f 00       		.byte	0
 459 0020 03       		.uleb128 0x3
 460 0021 24       		.uleb128 0x24
 461 0022 00       		.byte	0
 462 0023 0B       		.uleb128 0xb
 463 0024 0B       		.uleb128 0xb
 464 0025 3E       		.uleb128 0x3e
 465 0026 0B       		.uleb128 0xb
 466 0027 03       		.uleb128 0x3
 467 0028 0E       		.uleb128 0xe
 468 0029 00       		.byte	0
 469 002a 00       		.byte	0
 470 002b 04       		.uleb128 0x4
 471 002c 24       		.uleb128 0x24
 472 002d 00       		.byte	0
 473 002e 0B       		.uleb128 0xb
ARM GAS  C:\Users\df16\AppData\Local\Temp\ccH7E5pn.s 			page 12


 474 002f 0B       		.uleb128 0xb
 475 0030 3E       		.uleb128 0x3e
 476 0031 0B       		.uleb128 0xb
 477 0032 03       		.uleb128 0x3
 478 0033 08       		.uleb128 0x8
 479 0034 00       		.byte	0
 480 0035 00       		.byte	0
 481 0036 05       		.uleb128 0x5
 482 0037 0F       		.uleb128 0xf
 483 0038 00       		.byte	0
 484 0039 0B       		.uleb128 0xb
 485 003a 0B       		.uleb128 0xb
 486 003b 00       		.byte	0
 487 003c 00       		.byte	0
 488 003d 06       		.uleb128 0x6
 489 003e 0F       		.uleb128 0xf
 490 003f 00       		.byte	0
 491 0040 0B       		.uleb128 0xb
 492 0041 0B       		.uleb128 0xb
 493 0042 49       		.uleb128 0x49
 494 0043 13       		.uleb128 0x13
 495 0044 00       		.byte	0
 496 0045 00       		.byte	0
 497 0046 07       		.uleb128 0x7
 498 0047 2E       		.uleb128 0x2e
 499 0048 01       		.byte	0x1
 500 0049 3F       		.uleb128 0x3f
 501 004a 19       		.uleb128 0x19
 502 004b 03       		.uleb128 0x3
 503 004c 0E       		.uleb128 0xe
 504 004d 3A       		.uleb128 0x3a
 505 004e 0B       		.uleb128 0xb
 506 004f 3B       		.uleb128 0x3b
 507 0050 0B       		.uleb128 0xb
 508 0051 27       		.uleb128 0x27
 509 0052 19       		.uleb128 0x19
 510 0053 49       		.uleb128 0x49
 511 0054 13       		.uleb128 0x13
 512 0055 11       		.uleb128 0x11
 513 0056 01       		.uleb128 0x1
 514 0057 12       		.uleb128 0x12
 515 0058 06       		.uleb128 0x6
 516 0059 40       		.uleb128 0x40
 517 005a 18       		.uleb128 0x18
 518 005b 9742     		.uleb128 0x2117
 519 005d 19       		.uleb128 0x19
 520 005e 01       		.uleb128 0x1
 521 005f 13       		.uleb128 0x13
 522 0060 00       		.byte	0
 523 0061 00       		.byte	0
 524 0062 08       		.uleb128 0x8
 525 0063 05       		.uleb128 0x5
 526 0064 00       		.byte	0
 527 0065 03       		.uleb128 0x3
 528 0066 0E       		.uleb128 0xe
 529 0067 3A       		.uleb128 0x3a
 530 0068 0B       		.uleb128 0xb
ARM GAS  C:\Users\df16\AppData\Local\Temp\ccH7E5pn.s 			page 13


 531 0069 3B       		.uleb128 0x3b
 532 006a 0B       		.uleb128 0xb
 533 006b 49       		.uleb128 0x49
 534 006c 13       		.uleb128 0x13
 535 006d 02       		.uleb128 0x2
 536 006e 17       		.uleb128 0x17
 537 006f 00       		.byte	0
 538 0070 00       		.byte	0
 539 0071 09       		.uleb128 0x9
 540 0072 34       		.uleb128 0x34
 541 0073 00       		.byte	0
 542 0074 03       		.uleb128 0x3
 543 0075 0E       		.uleb128 0xe
 544 0076 3A       		.uleb128 0x3a
 545 0077 0B       		.uleb128 0xb
 546 0078 3B       		.uleb128 0x3b
 547 0079 0B       		.uleb128 0xb
 548 007a 49       		.uleb128 0x49
 549 007b 13       		.uleb128 0x13
 550 007c 02       		.uleb128 0x2
 551 007d 17       		.uleb128 0x17
 552 007e 00       		.byte	0
 553 007f 00       		.byte	0
 554 0080 0A       		.uleb128 0xa
 555 0081 34       		.uleb128 0x34
 556 0082 00       		.byte	0
 557 0083 03       		.uleb128 0x3
 558 0084 0E       		.uleb128 0xe
 559 0085 3A       		.uleb128 0x3a
 560 0086 0B       		.uleb128 0xb
 561 0087 3B       		.uleb128 0x3b
 562 0088 0B       		.uleb128 0xb
 563 0089 49       		.uleb128 0x49
 564 008a 13       		.uleb128 0x13
 565 008b 02       		.uleb128 0x2
 566 008c 18       		.uleb128 0x18
 567 008d 00       		.byte	0
 568 008e 00       		.byte	0
 569 008f 0B       		.uleb128 0xb
 570 0090 898201   		.uleb128 0x4109
 571 0093 00       		.byte	0
 572 0094 11       		.uleb128 0x11
 573 0095 01       		.uleb128 0x1
 574 0096 31       		.uleb128 0x31
 575 0097 13       		.uleb128 0x13
 576 0098 00       		.byte	0
 577 0099 00       		.byte	0
 578 009a 0C       		.uleb128 0xc
 579 009b 2E       		.uleb128 0x2e
 580 009c 01       		.byte	0x1
 581 009d 3F       		.uleb128 0x3f
 582 009e 19       		.uleb128 0x19
 583 009f 03       		.uleb128 0x3
 584 00a0 0E       		.uleb128 0xe
 585 00a1 3A       		.uleb128 0x3a
 586 00a2 0B       		.uleb128 0xb
 587 00a3 3B       		.uleb128 0x3b
ARM GAS  C:\Users\df16\AppData\Local\Temp\ccH7E5pn.s 			page 14


 588 00a4 0B       		.uleb128 0xb
 589 00a5 27       		.uleb128 0x27
 590 00a6 19       		.uleb128 0x19
 591 00a7 11       		.uleb128 0x11
 592 00a8 01       		.uleb128 0x1
 593 00a9 12       		.uleb128 0x12
 594 00aa 06       		.uleb128 0x6
 595 00ab 40       		.uleb128 0x40
 596 00ac 18       		.uleb128 0x18
 597 00ad 9742     		.uleb128 0x2117
 598 00af 19       		.uleb128 0x19
 599 00b0 01       		.uleb128 0x1
 600 00b1 13       		.uleb128 0x13
 601 00b2 00       		.byte	0
 602 00b3 00       		.byte	0
 603 00b4 0D       		.uleb128 0xd
 604 00b5 05       		.uleb128 0x5
 605 00b6 00       		.byte	0
 606 00b7 03       		.uleb128 0x3
 607 00b8 08       		.uleb128 0x8
 608 00b9 3A       		.uleb128 0x3a
 609 00ba 0B       		.uleb128 0xb
 610 00bb 3B       		.uleb128 0x3b
 611 00bc 0B       		.uleb128 0xb
 612 00bd 49       		.uleb128 0x49
 613 00be 13       		.uleb128 0x13
 614 00bf 02       		.uleb128 0x2
 615 00c0 18       		.uleb128 0x18
 616 00c1 00       		.byte	0
 617 00c2 00       		.byte	0
 618 00c3 0E       		.uleb128 0xe
 619 00c4 2E       		.uleb128 0x2e
 620 00c5 00       		.byte	0
 621 00c6 3F       		.uleb128 0x3f
 622 00c7 19       		.uleb128 0x19
 623 00c8 03       		.uleb128 0x3
 624 00c9 0E       		.uleb128 0xe
 625 00ca 3A       		.uleb128 0x3a
 626 00cb 0B       		.uleb128 0xb
 627 00cc 3B       		.uleb128 0x3b
 628 00cd 0B       		.uleb128 0xb
 629 00ce 27       		.uleb128 0x27
 630 00cf 19       		.uleb128 0x19
 631 00d0 11       		.uleb128 0x11
 632 00d1 01       		.uleb128 0x1
 633 00d2 12       		.uleb128 0x12
 634 00d3 06       		.uleb128 0x6
 635 00d4 40       		.uleb128 0x40
 636 00d5 18       		.uleb128 0x18
 637 00d6 9742     		.uleb128 0x2117
 638 00d8 19       		.uleb128 0x19
 639 00d9 00       		.byte	0
 640 00da 00       		.byte	0
 641 00db 0F       		.uleb128 0xf
 642 00dc 2E       		.uleb128 0x2e
 643 00dd 00       		.byte	0
 644 00de 3F       		.uleb128 0x3f
ARM GAS  C:\Users\df16\AppData\Local\Temp\ccH7E5pn.s 			page 15


 645 00df 19       		.uleb128 0x19
 646 00e0 03       		.uleb128 0x3
 647 00e1 0E       		.uleb128 0xe
 648 00e2 3A       		.uleb128 0x3a
 649 00e3 0B       		.uleb128 0xb
 650 00e4 3B       		.uleb128 0x3b
 651 00e5 0B       		.uleb128 0xb
 652 00e6 27       		.uleb128 0x27
 653 00e7 19       		.uleb128 0x19
 654 00e8 49       		.uleb128 0x49
 655 00e9 13       		.uleb128 0x13
 656 00ea 11       		.uleb128 0x11
 657 00eb 01       		.uleb128 0x1
 658 00ec 12       		.uleb128 0x12
 659 00ed 06       		.uleb128 0x6
 660 00ee 40       		.uleb128 0x40
 661 00ef 18       		.uleb128 0x18
 662 00f0 9742     		.uleb128 0x2117
 663 00f2 19       		.uleb128 0x19
 664 00f3 00       		.byte	0
 665 00f4 00       		.byte	0
 666 00f5 10       		.uleb128 0x10
 667 00f6 01       		.uleb128 0x1
 668 00f7 01       		.byte	0x1
 669 00f8 49       		.uleb128 0x49
 670 00f9 13       		.uleb128 0x13
 671 00fa 01       		.uleb128 0x1
 672 00fb 13       		.uleb128 0x13
 673 00fc 00       		.byte	0
 674 00fd 00       		.byte	0
 675 00fe 11       		.uleb128 0x11
 676 00ff 21       		.uleb128 0x21
 677 0100 00       		.byte	0
 678 0101 49       		.uleb128 0x49
 679 0102 13       		.uleb128 0x13
 680 0103 2F       		.uleb128 0x2f
 681 0104 05       		.uleb128 0x5
 682 0105 00       		.byte	0
 683 0106 00       		.byte	0
 684 0107 12       		.uleb128 0x12
 685 0108 34       		.uleb128 0x34
 686 0109 00       		.byte	0
 687 010a 03       		.uleb128 0x3
 688 010b 0E       		.uleb128 0xe
 689 010c 3A       		.uleb128 0x3a
 690 010d 0B       		.uleb128 0xb
 691 010e 3B       		.uleb128 0x3b
 692 010f 05       		.uleb128 0x5
 693 0110 49       		.uleb128 0x49
 694 0111 13       		.uleb128 0x13
 695 0112 3F       		.uleb128 0x3f
 696 0113 19       		.uleb128 0x19
 697 0114 3C       		.uleb128 0x3c
 698 0115 19       		.uleb128 0x19
 699 0116 00       		.byte	0
 700 0117 00       		.byte	0
 701 0118 13       		.uleb128 0x13
ARM GAS  C:\Users\df16\AppData\Local\Temp\ccH7E5pn.s 			page 16


 702 0119 35       		.uleb128 0x35
 703 011a 00       		.byte	0
 704 011b 49       		.uleb128 0x49
 705 011c 13       		.uleb128 0x13
 706 011d 00       		.byte	0
 707 011e 00       		.byte	0
 708 011f 14       		.uleb128 0x14
 709 0120 2E       		.uleb128 0x2e
 710 0121 00       		.byte	0
 711 0122 3F       		.uleb128 0x3f
 712 0123 19       		.uleb128 0x19
 713 0124 3C       		.uleb128 0x3c
 714 0125 19       		.uleb128 0x19
 715 0126 6E       		.uleb128 0x6e
 716 0127 0E       		.uleb128 0xe
 717 0128 03       		.uleb128 0x3
 718 0129 0E       		.uleb128 0xe
 719 012a 3A       		.uleb128 0x3a
 720 012b 0B       		.uleb128 0xb
 721 012c 3B       		.uleb128 0x3b
 722 012d 05       		.uleb128 0x5
 723 012e 00       		.byte	0
 724 012f 00       		.byte	0
 725 0130 00       		.byte	0
 726              		.section	.debug_loc,"",%progbits
 727              	.Ldebug_loc0:
 728              	.LLST0:
 729 0000 00000000 		.4byte	.LVL0
 730 0004 10000000 		.4byte	.LVL2
 731 0008 0100     		.2byte	0x1
 732 000a 50       		.byte	0x50
 733 000b 10000000 		.4byte	.LVL2
 734 000f 2E000000 		.4byte	.LVL4
 735 0013 0100     		.2byte	0x1
 736 0015 54       		.byte	0x54
 737 0016 00000000 		.4byte	0
 738 001a 00000000 		.4byte	0
 739              	.LLST1:
 740 001e 04000000 		.4byte	.LVL1
 741 0022 40000000 		.4byte	.LVL5
 742 0026 0200     		.2byte	0x2
 743 0028 30       		.byte	0x30
 744 0029 9F       		.byte	0x9f
 745 002a 40000000 		.4byte	.LVL5
 746 002e 48000000 		.4byte	.LVL6
 747 0032 0100     		.2byte	0x1
 748 0034 55       		.byte	0x55
 749 0035 48000000 		.4byte	.LVL6
 750 0039 4E000000 		.4byte	.LVL7
 751 003d 0200     		.2byte	0x2
 752 003f 30       		.byte	0x30
 753 0040 9F       		.byte	0x9f
 754 0041 4E000000 		.4byte	.LVL7
 755 0045 56000000 		.4byte	.LVL9
 756 0049 0100     		.2byte	0x1
 757 004b 55       		.byte	0x55
 758 004c 56000000 		.4byte	.LVL9
ARM GAS  C:\Users\df16\AppData\Local\Temp\ccH7E5pn.s 			page 17


 759 0050 60000000 		.4byte	.LFE67
 760 0054 0100     		.2byte	0x1
 761 0056 50       		.byte	0x50
 762 0057 00000000 		.4byte	0
 763 005b 00000000 		.4byte	0
 764              		.section	.debug_aranges,"",%progbits
 765 0000 34000000 		.4byte	0x34
 766 0004 0200     		.2byte	0x2
 767 0006 00000000 		.4byte	.Ldebug_info0
 768 000a 04       		.byte	0x4
 769 000b 00       		.byte	0
 770 000c 0000     		.2byte	0
 771 000e 0000     		.2byte	0
 772 0010 00000000 		.4byte	.LFB67
 773 0014 60000000 		.4byte	.LFE67-.LFB67
 774 0018 00000000 		.4byte	.LFB68
 775 001c 02000000 		.4byte	.LFE68-.LFB68
 776 0020 00000000 		.4byte	.LFB69
 777 0024 10000000 		.4byte	.LFE69-.LFB69
 778 0028 00000000 		.4byte	.LFB70
 779 002c 14000000 		.4byte	.LFE70-.LFB70
 780 0030 00000000 		.4byte	0
 781 0034 00000000 		.4byte	0
 782              		.section	.debug_ranges,"",%progbits
 783              	.Ldebug_ranges0:
 784 0000 00000000 		.4byte	.LFB67
 785 0004 60000000 		.4byte	.LFE67
 786 0008 00000000 		.4byte	.LFB68
 787 000c 02000000 		.4byte	.LFE68
 788 0010 00000000 		.4byte	.LFB69
 789 0014 10000000 		.4byte	.LFE69
 790 0018 00000000 		.4byte	.LFB70
 791 001c 14000000 		.4byte	.LFE70
 792 0020 00000000 		.4byte	0
 793 0024 00000000 		.4byte	0
 794              		.section	.debug_line,"",%progbits
 795              	.Ldebug_line0:
 796 0000 65020000 		.section	.debug_str,"MS",%progbits,1
 796      02000402 
 796      00000201 
 796      FB0E0D00 
 796      01010101 
 797              	.LASF29:
 798 0000 47656E65 		.ascii	"Generated_Source\\PSoC5\\RTOS_heap.c\000"
 798      72617465 
 798      645F536F 
 798      75726365 
 798      5C50536F 
 799              	.LASF5:
 800 0023 5F5F7569 		.ascii	"__uint8_t\000"
 800      6E74385F 
 800      7400
 801              	.LASF4:
 802 002d 73697A65 		.ascii	"size_t\000"
 802      5F7400
 803              	.LASF26:
 804 0034 76546173 		.ascii	"vTaskSuspendAll\000"
ARM GAS  C:\Users\df16\AppData\Local\Temp\ccH7E5pn.s 			page 18


 804      6B537573 
 804      70656E64 
 804      416C6C00 
 805              	.LASF9:
 806 0044 5F5F696E 		.ascii	"__int32_t\000"
 806      7433325F 
 806      7400
 807              	.LASF34:
 808 004e 78506F72 		.ascii	"xPortGetFreeHeapSize\000"
 808      74476574 
 808      46726565 
 808      48656170 
 808      53697A65 
 809              	.LASF27:
 810 0063 78546173 		.ascii	"xTaskResumeAll\000"
 810      6B526573 
 810      756D6541 
 810      6C6C00
 811              	.LASF19:
 812 0072 666C6F61 		.ascii	"float\000"
 812      7400
 813              	.LASF6:
 814 0078 756E7369 		.ascii	"unsigned char\000"
 814      676E6564 
 814      20636861 
 814      7200
 815              	.LASF28:
 816 0086 474E5520 		.ascii	"GNU C11 5.4.1 20160609 (release) [ARM/embedded-5-br"
 816      43313120 
 816      352E342E 
 816      31203230 
 816      31363036 
 817 00b9 616E6368 		.ascii	"anch revision 237715] -mcpu=cortex-m3 -mthumb -g -O"
 817      20726576 
 817      6973696F 
 817      6E203233 
 817      37373135 
 818 00ec 67202D66 		.ascii	"g -ffunction-sections -ffat-lto-objects\000"
 818      66756E63 
 818      74696F6E 
 818      2D736563 
 818      74696F6E 
 819              	.LASF12:
 820 0114 6C6F6E67 		.ascii	"long unsigned int\000"
 820      20756E73 
 820      69676E65 
 820      6420696E 
 820      7400
 821              	.LASF8:
 822 0126 73686F72 		.ascii	"short unsigned int\000"
 822      7420756E 
 822      7369676E 
 822      65642069 
 822      6E7400
 823              	.LASF35:
 824 0139 49544D5F 		.ascii	"ITM_RxBuffer\000"
 824      52784275 
ARM GAS  C:\Users\df16\AppData\Local\Temp\ccH7E5pn.s 			page 19


 824      66666572 
 824      00
 825              	.LASF20:
 826 0146 646F7562 		.ascii	"double\000"
 826      6C6500
 827              	.LASF11:
 828 014d 5F5F7569 		.ascii	"__uint32_t\000"
 828      6E743332 
 828      5F7400
 829              	.LASF21:
 830 0158 70765265 		.ascii	"pvReturn\000"
 830      7475726E 
 830      00
 831              	.LASF24:
 832 0161 75634865 		.ascii	"ucHeap\000"
 832      617000
 833              	.LASF33:
 834 0168 76506F72 		.ascii	"vPortInitialiseBlocks\000"
 834      74496E69 
 834      7469616C 
 834      69736542 
 834      6C6F636B 
 835              	.LASF0:
 836 017e 756E7369 		.ascii	"unsigned int\000"
 836      676E6564 
 836      20696E74 
 836      00
 837              	.LASF13:
 838 018b 6C6F6E67 		.ascii	"long long unsigned int\000"
 838      206C6F6E 
 838      6720756E 
 838      7369676E 
 838      65642069 
 839              	.LASF16:
 840 01a2 75696E74 		.ascii	"uint8_t\000"
 840      385F7400 
 841              	.LASF17:
 842 01aa 696E7433 		.ascii	"int32_t\000"
 842      325F7400 
 843              	.LASF14:
 844 01b2 73697A65 		.ascii	"sizetype\000"
 844      74797065 
 844      00
 845              	.LASF1:
 846 01bb 6C6F6E67 		.ascii	"long long int\000"
 846      206C6F6E 
 846      6720696E 
 846      7400
 847              	.LASF23:
 848 01c9 7857616E 		.ascii	"xWantedSize\000"
 848      74656453 
 848      697A6500 
 849              	.LASF15:
 850 01d5 63686172 		.ascii	"char\000"
 850      00
 851              	.LASF22:
 852 01da 70756341 		.ascii	"pucAlignedHeap\000"
ARM GAS  C:\Users\df16\AppData\Local\Temp\ccH7E5pn.s 			page 20


 852      6C69676E 
 852      65644865 
 852      617000
 853              	.LASF31:
 854 01e9 7076506F 		.ascii	"pvPortMalloc\000"
 854      72744D61 
 854      6C6C6F63 
 854      00
 855              	.LASF30:
 856 01f6 473A5C70 		.ascii	"G:\\project\\PsocWagen\\PSoC\\PSoCWagen\\PsocWagen."
 856      726F6A65 
 856      63745C50 
 856      736F6357 
 856      6167656E 
 857 0224 63796473 		.ascii	"cydsn\000"
 857      6E00
 858              	.LASF7:
 859 022a 73686F72 		.ascii	"short int\000"
 859      7420696E 
 859      7400
 860              	.LASF32:
 861 0234 76506F72 		.ascii	"vPortFree\000"
 861      74467265 
 861      6500
 862              	.LASF18:
 863 023e 75696E74 		.ascii	"uint32_t\000"
 863      33325F74 
 863      00
 864              	.LASF10:
 865 0247 6C6F6E67 		.ascii	"long int\000"
 865      20696E74 
 865      00
 866              	.LASF2:
 867 0250 6C6F6E67 		.ascii	"long double\000"
 867      20646F75 
 867      626C6500 
 868              	.LASF3:
 869 025c 7369676E 		.ascii	"signed char\000"
 869      65642063 
 869      68617200 
 870              	.LASF25:
 871 0268 784E6578 		.ascii	"xNextFreeByte\000"
 871      74467265 
 871      65427974 
 871      6500
 872              		.ident	"GCC: (GNU Tools for ARM Embedded Processors) 5.4.1 20160609 (release) [ARM/embedded-5-bran
